Starting audit...
[ERROR] S:\Facultate\Anul 2\Sem1\POO\Etapa1_POO\.\src\Actions.java:8:13: Using the '.*' form of import should be avoided - Pages.*. [AvoidStarImport]
[ERROR] S:\Facultate\Anul 2\Sem1\POO\Etapa1_POO\.\src\Actions.java:12:1: Utility classes should not have a public or default constructor. [HideUtilityClassConstructor]
[ERROR] S:\Facultate\Anul 2\Sem1\POO\Etapa1_POO\.\src\Actions.java:13: Line is longer than 100 characters (found 105). [LineLength]
[ERROR] S:\Facultate\Anul 2\Sem1\POO\Etapa1_POO\.\src\Actions.java:13:5: Missing a Javadoc comment. [MissingJavadocMethod]
[ERROR] S:\Facultate\Anul 2\Sem1\POO\Etapa1_POO\.\src\Actions.java:13:24: Name 'Commands' must match pattern '^[a-z][a-zA-Z0-9]*$'. [MethodName]
[ERROR] S:\Facultate\Anul 2\Sem1\POO\Etapa1_POO\.\src\Actions.java:13:33: '(' is preceded with whitespace. [MethodParamPad]
[ERROR] S:\Facultate\Anul 2\Sem1\POO\Etapa1_POO\.\src\Actions.java:13:34: Parameter dataBase should be final. [FinalParameters]
[ERROR] S:\Facultate\Anul 2\Sem1\POO\Etapa1_POO\.\src\Actions.java:13:53: Parameter currentPage should be final. [FinalParameters]
[ERROR] S:\Facultate\Anul 2\Sem1\POO\Etapa1_POO\.\src\Actions.java:13:71: Parameter inputData should be final. [FinalParameters]
[ERROR] S:\Facultate\Anul 2\Sem1\POO\Etapa1_POO\.\src\Actions.java:13:88: Parameter output should be final. [FinalParameters]
[ERROR] S:\Facultate\Anul 2\Sem1\POO\Etapa1_POO\.\src\Actions.java:13:105: '{' is not preceded with whitespace. [WhitespaceAround]
[ERROR] S:\Facultate\Anul 2\Sem1\POO\Etapa1_POO\.\src\Actions.java:14:9: 'for' is not followed by whitespace. [WhitespaceAfter]
[ERROR] S:\Facultate\Anul 2\Sem1\POO\Etapa1_POO\.\src\Actions.java:15:13: switch without "default" clause. [MissingSwitchDefault]
[ERROR] S:\Facultate\Anul 2\Sem1\POO\Etapa1_POO\.\src\Actions.java:18:21: 'if' is not followed by whitespace. [WhitespaceAfter]
[ERROR] S:\Facultate\Anul 2\Sem1\POO\Etapa1_POO\.\src\Actions.java:30: Line is longer than 100 characters (found 101). [LineLength]
[ERROR] S:\Facultate\Anul 2\Sem1\POO\Etapa1_POO\.\src\checker\CheckStyleConstants.java:3:1: Utility classes should not have a public or default constructor. [HideUtilityClassConstructor]
[ERROR] S:\Facultate\Anul 2\Sem1\POO\Etapa1_POO\.\src\Data\DataBase.java:1:9: Name 'Data' must match pattern '^[a-z]+(\.[a-zA-Z_][a-zA-Z0-9_]*)*$'. [PackageName]
[ERROR] S:\Facultate\Anul 2\Sem1\POO\Etapa1_POO\.\src\Data\DataBase.java:11:5: Class 'DataBase' looks like designed for extension (can be subclassed), but the method 'existsUser' does not have javadoc that explains how to do that safely. If class is not designed for extension consider making the class 'DataBase' final or making the method 'existsUser' static/final/abstract/empty, or adding allowed annotation for the method. [DesignForExtension]
[ERROR] S:\Facultate\Anul 2\Sem1\POO\Etapa1_POO\.\src\Data\DataBase.java:11:5: Missing a Javadoc comment. [MissingJavadocMethod]
[ERROR] S:\Facultate\Anul 2\Sem1\POO\Etapa1_POO\.\src\Data\DataBase.java:11:31: Parameter user should be final. [FinalParameters]
[ERROR] S:\Facultate\Anul 2\Sem1\POO\Etapa1_POO\.\src\Data\DataBase.java:16:5: Class 'DataBase' looks like designed for extension (can be subclassed), but the method 'getCurrentUser' does not have javadoc that explains how to do that safely. If class is not designed for extension consider making the class 'DataBase' final or making the method 'getCurrentUser' static/final/abstract/empty, or adding allowed annotation for the method. [DesignForExtension]
[ERROR] S:\Facultate\Anul 2\Sem1\POO\Etapa1_POO\.\src\Data\DataBase.java:16:5: Missing a Javadoc comment. [MissingJavadocMethod]
[ERROR] S:\Facultate\Anul 2\Sem1\POO\Etapa1_POO\.\src\Data\DataBase.java:16:32: Parameter user should be final. [FinalParameters]
[ERROR] S:\Facultate\Anul 2\Sem1\POO\Etapa1_POO\.\src\Data\DataBase.java:17:9: 'if' is not followed by whitespace. [WhitespaceAfter]
[ERROR] S:\Facultate\Anul 2\Sem1\POO\Etapa1_POO\.\src\Data\DataBase.java:20:9: 'for' is not followed by whitespace. [WhitespaceAfter]
[ERROR] S:\Facultate\Anul 2\Sem1\POO\Etapa1_POO\.\src\Data\DataBase.java:21:13: 'if' is not followed by whitespace. [WhitespaceAfter]
[ERROR] S:\Facultate\Anul 2\Sem1\POO\Etapa1_POO\.\src\Data\DataBase.java:28:5: Class 'DataBase' looks like designed for extension (can be subclassed), but the method 'existsMovie' does not have javadoc that explains how to do that safely. If class is not designed for extension consider making the class 'DataBase' final or making the method 'existsMovie' static/final/abstract/empty, or adding allowed annotation for the method. [DesignForExtension]
[ERROR] S:\Facultate\Anul 2\Sem1\POO\Etapa1_POO\.\src\Data\DataBase.java:28:5: Missing a Javadoc comment. [MissingJavadocMethod]
[ERROR] S:\Facultate\Anul 2\Sem1\POO\Etapa1_POO\.\src\Data\DataBase.java:28:32: Parameter movie should be final. [FinalParameters]
[ERROR] S:\Facultate\Anul 2\Sem1\POO\Etapa1_POO\.\src\Data\DataBase.java:30:29: '->' is not followed by whitespace. [WhitespaceAround]
[ERROR] S:\Facultate\Anul 2\Sem1\POO\Etapa1_POO\.\src\Data\DataBase.java:33:5: Class 'DataBase' looks like designed for extension (can be subclassed), but the method 'getUsers' does not have javadoc that explains how to do that safely. If class is not designed for extension consider making the class 'DataBase' final or making the method 'getUsers' static/final/abstract/empty, or adding allowed annotation for the method. [DesignForExtension]
[ERROR] S:\Facultate\Anul 2\Sem1\POO\Etapa1_POO\.\src\Data\DataBase.java:37:5: Class 'DataBase' looks like designed for extension (can be subclassed), but the method 'setUsers' does not have javadoc that explains how to do that safely. If class is not designed for extension consider making the class 'DataBase' final or making the method 'setUsers' static/final/abstract/empty, or adding allowed annotation for the method. [DesignForExtension]
[ERROR] S:\Facultate\Anul 2\Sem1\POO\Etapa1_POO\.\src\Data\DataBase.java:37:26: Parameter users should be final. [FinalParameters]
[ERROR] S:\Facultate\Anul 2\Sem1\POO\Etapa1_POO\.\src\Data\DataBase.java:41:5: Class 'DataBase' looks like designed for extension (can be subclassed), but the method 'getAvailableMovies' does not have javadoc that explains how to do that safely. If class is not designed for extension consider making the class 'DataBase' final or making the method 'getAvailableMovies' static/final/abstract/empty, or adding allowed annotation for the method. [DesignForExtension]
[ERROR] S:\Facultate\Anul 2\Sem1\POO\Etapa1_POO\.\src\Data\DataBase.java:45:5: Class 'DataBase' looks like designed for extension (can be subclassed), but the method 'setAvailableMovies' does not have javadoc that explains how to do that safely. If class is not designed for extension consider making the class 'DataBase' final or making the method 'setAvailableMovies' static/final/abstract/empty, or adding allowed annotation for the method. [DesignForExtension]
[ERROR] S:\Facultate\Anul 2\Sem1\POO\Etapa1_POO\.\src\Data\DataBase.java:45:36: Parameter availableMovies should be final. [FinalParameters]
[ERROR] S:\Facultate\Anul 2\Sem1\POO\Etapa1_POO\.\src\Data\DataBase.java:49:5: Class 'DataBase' looks like designed for extension (can be subclassed), but the method 'getCurrentMoviesList' does not have javadoc that explains how to do that safely. If class is not designed for extension consider making the class 'DataBase' final or making the method 'getCurrentMoviesList' static/final/abstract/empty, or adding allowed annotation for the method. [DesignForExtension]
[ERROR] S:\Facultate\Anul 2\Sem1\POO\Etapa1_POO\.\src\Data\DataBase.java:53:5: Class 'DataBase' looks like designed for extension (can be subclassed), but the method 'setCurrentMoviesList' does not have javadoc that explains how to do that safely. If class is not designed for extension consider making the class 'DataBase' final or making the method 'setCurrentMoviesList' static/final/abstract/empty, or adding allowed annotation for the method. [DesignForExtension]
[ERROR] S:\Facultate\Anul 2\Sem1\POO\Etapa1_POO\.\src\Data\DataBase.java:53:38: Parameter currentMoviesList should be final. [FinalParameters]
[ERROR] S:\Facultate\Anul 2\Sem1\POO\Etapa1_POO\.\src\Data\DataBase.java:57:5: Class 'DataBase' looks like designed for extension (can be subclassed), but the method 'getLoggedUser' does not have javadoc that explains how to do that safely. If class is not designed for extension consider making the class 'DataBase' final or making the method 'getLoggedUser' static/final/abstract/empty, or adding allowed annotation for the method. [DesignForExtension]
[ERROR] S:\Facultate\Anul 2\Sem1\POO\Etapa1_POO\.\src\Data\DataBase.java:61:5: Class 'DataBase' looks like designed for extension (can be subclassed), but the method 'setLoggedUser' does not have javadoc that explains how to do that safely. If class is not designed for extension consider making the class 'DataBase' final or making the method 'setLoggedUser' static/final/abstract/empty, or adding allowed annotation for the method. [DesignForExtension]
[ERROR] S:\Facultate\Anul 2\Sem1\POO\Etapa1_POO\.\src\Data\DataBase.java:61:31: Parameter loggedUser should be final. [FinalParameters]
[ERROR] S:\Facultate\Anul 2\Sem1\POO\Etapa1_POO\.\src\Data\Movie.java:1:9: Name 'Data' must match pattern '^[a-z]+(\.[a-zA-Z_][a-zA-Z0-9_]*)*$'. [PackageName]
[ERROR] S:\Facultate\Anul 2\Sem1\POO\Etapa1_POO\.\src\Data\Movie.java:13:5: Class 'Movie' looks like designed for extension (can be subclassed), but the method 'equals' does not have javadoc that explains how to do that safely. If class is not designed for extension consider making the class 'Movie' final or making the method 'equals' static/final/abstract/empty, or adding allowed annotation for the method. [DesignForExtension]
[ERROR] S:\Facultate\Anul 2\Sem1\POO\Etapa1_POO\.\src\Data\Movie.java:13:5: Missing a Javadoc comment. [MissingJavadocMethod]
[ERROR] S:\Facultate\Anul 2\Sem1\POO\Etapa1_POO\.\src\Data\Movie.java:13:27: Parameter obj should be final. [FinalParameters]
[ERROR] S:\Facultate\Anul 2\Sem1\POO\Etapa1_POO\.\src\Data\Movie.java:21:5: Class 'Movie' looks like designed for extension (can be subclassed), but the method 'getName' does not have javadoc that explains how to do that safely. If class is not designed for extension consider making the class 'Movie' final or making the method 'getName' static/final/abstract/empty, or adding allowed annotation for the method. [DesignForExtension]
[ERROR] S:\Facultate\Anul 2\Sem1\POO\Etapa1_POO\.\src\Data\Movie.java:25:5: Class 'Movie' looks like designed for extension (can be subclassed), but the method 'setName' does not have javadoc that explains how to do that safely. If class is not designed for extension consider making the class 'Movie' final or making the method 'setName' static/final/abstract/empty, or adding allowed annotation for the method. [DesignForExtension]
[ERROR] S:\Facultate\Anul 2\Sem1\POO\Etapa1_POO\.\src\Data\Movie.java:25:25: Parameter name should be final. [FinalParameters]
[ERROR] S:\Facultate\Anul 2\Sem1\POO\Etapa1_POO\.\src\Data\Movie.java:29:5: Class 'Movie' looks like designed for extension (can be subclassed), but the method 'getYear' does not have javadoc that explains how to do that safely. If class is not designed for extension consider making the class 'Movie' final or making the method 'getYear' static/final/abstract/empty, or adding allowed annotation for the method. [DesignForExtension]
[ERROR] S:\Facultate\Anul 2\Sem1\POO\Etapa1_POO\.\src\Data\Movie.java:33:5: Class 'Movie' looks like designed for extension (can be subclassed), but the method 'setYear' does not have javadoc that explains how to do that safely. If class is not designed for extension consider making the class 'Movie' final or making the method 'setYear' static/final/abstract/empty, or adding allowed annotation for the method. [DesignForExtension]
[ERROR] S:\Facultate\Anul 2\Sem1\POO\Etapa1_POO\.\src\Data\Movie.java:33:25: Parameter year should be final. [FinalParameters]
[ERROR] S:\Facultate\Anul 2\Sem1\POO\Etapa1_POO\.\src\Data\Movie.java:37:5: Class 'Movie' looks like designed for extension (can be subclassed), but the method 'getDuration' does not have javadoc that explains how to do that safely. If class is not designed for extension consider making the class 'Movie' final or making the method 'getDuration' static/final/abstract/empty, or adding allowed annotation for the method. [DesignForExtension]
[ERROR] S:\Facultate\Anul 2\Sem1\POO\Etapa1_POO\.\src\Data\Movie.java:41:5: Class 'Movie' looks like designed for extension (can be subclassed), but the method 'setDuration' does not have javadoc that explains how to do that safely. If class is not designed for extension consider making the class 'Movie' final or making the method 'setDuration' static/final/abstract/empty, or adding allowed annotation for the method. [DesignForExtension]
[ERROR] S:\Facultate\Anul 2\Sem1\POO\Etapa1_POO\.\src\Data\Movie.java:41:29: Parameter duration should be final. [FinalParameters]
[ERROR] S:\Facultate\Anul 2\Sem1\POO\Etapa1_POO\.\src\Data\Movie.java:45:5: Class 'Movie' looks like designed for extension (can be subclassed), but the method 'getGenres' does not have javadoc that explains how to do that safely. If class is not designed for extension consider making the class 'Movie' final or making the method 'getGenres' static/final/abstract/empty, or adding allowed annotation for the method. [DesignForExtension]
[ERROR] S:\Facultate\Anul 2\Sem1\POO\Etapa1_POO\.\src\Data\Movie.java:49:5: Class 'Movie' looks like designed for extension (can be subclassed), but the method 'setGenres' does not have javadoc that explains how to do that safely. If class is not designed for extension consider making the class 'Movie' final or making the method 'setGenres' static/final/abstract/empty, or adding allowed annotation for the method. [DesignForExtension]
[ERROR] S:\Facultate\Anul 2\Sem1\POO\Etapa1_POO\.\src\Data\Movie.java:49:27: Parameter genres should be final. [FinalParameters]
[ERROR] S:\Facultate\Anul 2\Sem1\POO\Etapa1_POO\.\src\Data\Movie.java:53:5: Class 'Movie' looks like designed for extension (can be subclassed), but the method 'getActors' does not have javadoc that explains how to do that safely. If class is not designed for extension consider making the class 'Movie' final or making the method 'getActors' static/final/abstract/empty, or adding allowed annotation for the method. [DesignForExtension]
[ERROR] S:\Facultate\Anul 2\Sem1\POO\Etapa1_POO\.\src\Data\Movie.java:57:5: Class 'Movie' looks like designed for extension (can be subclassed), but the method 'setActors' does not have javadoc that explains how to do that safely. If class is not designed for extension consider making the class 'Movie' final or making the method 'setActors' static/final/abstract/empty, or adding allowed annotation for the method. [DesignForExtension]
[ERROR] S:\Facultate\Anul 2\Sem1\POO\Etapa1_POO\.\src\Data\Movie.java:57:27: Parameter actors should be final. [FinalParameters]
[ERROR] S:\Facultate\Anul 2\Sem1\POO\Etapa1_POO\.\src\Data\Movie.java:61:5: Class 'Movie' looks like designed for extension (can be subclassed), but the method 'getCountriesBanned' does not have javadoc that explains how to do that safely. If class is not designed for extension consider making the class 'Movie' final or making the method 'getCountriesBanned' static/final/abstract/empty, or adding allowed annotation for the method. [DesignForExtension]
[ERROR] S:\Facultate\Anul 2\Sem1\POO\Etapa1_POO\.\src\Data\Movie.java:65:5: Class 'Movie' looks like designed for extension (can be subclassed), but the method 'setCountriesBanned' does not have javadoc that explains how to do that safely. If class is not designed for extension consider making the class 'Movie' final or making the method 'setCountriesBanned' static/final/abstract/empty, or adding allowed annotation for the method. [DesignForExtension]
[ERROR] S:\Facultate\Anul 2\Sem1\POO\Etapa1_POO\.\src\Data\Movie.java:65:36: Parameter countriesBanned should be final. [FinalParameters]
[ERROR] S:\Facultate\Anul 2\Sem1\POO\Etapa1_POO\.\src\Data\Movie.java:69:5: Class 'Movie' looks like designed for extension (can be subclassed), but the method 'toString' does not have javadoc that explains how to do that safely. If class is not designed for extension consider making the class 'Movie' final or making the method 'toString' static/final/abstract/empty, or adding allowed annotation for the method. [DesignForExtension]
[ERROR] S:\Facultate\Anul 2\Sem1\POO\Etapa1_POO\.\src\Data\Movie.java:71:25: '+' should be on a new line. [OperatorWrap]
[ERROR] S:\Facultate\Anul 2\Sem1\POO\Etapa1_POO\.\src\Data\Movie.java:72:40: '+' should be on a new line. [OperatorWrap]
[ERROR] S:\Facultate\Anul 2\Sem1\POO\Etapa1_POO\.\src\Data\Movie.java:73:34: '+' should be on a new line. [OperatorWrap]
[ERROR] S:\Facultate\Anul 2\Sem1\POO\Etapa1_POO\.\src\Data\Movie.java:74:42: '+' should be on a new line. [OperatorWrap]
[ERROR] S:\Facultate\Anul 2\Sem1\POO\Etapa1_POO\.\src\Data\Movie.java:75:38: '+' should be on a new line. [OperatorWrap]
[ERROR] S:\Facultate\Anul 2\Sem1\POO\Etapa1_POO\.\src\Data\Movie.java:76:38: '+' should be on a new line. [OperatorWrap]
[ERROR] S:\Facultate\Anul 2\Sem1\POO\Etapa1_POO\.\src\Data\Movie.java:77:56: '+' should be on a new line. [OperatorWrap]
[ERROR] S:\Facultate\Anul 2\Sem1\POO\Etapa1_POO\.\src\Data\OutputError.java:1:9: Name 'Data' must match pattern '^[a-z]+(\.[a-zA-Z_][a-zA-Z0-9_]*)*$'. [PackageName]
[ERROR] S:\Facultate\Anul 2\Sem1\POO\Etapa1_POO\.\src\Data\OutputError.java:10:5: Class 'OutputError' looks like designed for extension (can be subclassed), but the method 'getError' does not have javadoc that explains how to do that safely. If class is not designed for extension consider making the class 'OutputError' final or making the method 'getError' static/final/abstract/empty, or adding allowed annotation for the method. [DesignForExtension]
[ERROR] S:\Facultate\Anul 2\Sem1\POO\Etapa1_POO\.\src\Data\OutputError.java:14:5: Class 'OutputError' looks like designed for extension (can be subclassed), but the method 'setError' does not have javadoc that explains how to do that safely. If class is not designed for extension consider making the class 'OutputError' final or making the method 'setError' static/final/abstract/empty, or adding allowed annotation for the method. [DesignForExtension]
[ERROR] S:\Facultate\Anul 2\Sem1\POO\Etapa1_POO\.\src\Data\OutputError.java:14:26: Parameter error should be final. [FinalParameters]
[ERROR] S:\Facultate\Anul 2\Sem1\POO\Etapa1_POO\.\src\Data\OutputError.java:18:5: Class 'OutputError' looks like designed for extension (can be subclassed), but the method 'getCurrentMoviesList' does not have javadoc that explains how to do that safely. If class is not designed for extension consider making the class 'OutputError' final or making the method 'getCurrentMoviesList' static/final/abstract/empty, or adding allowed annotation for the method. [DesignForExtension]
[ERROR] S:\Facultate\Anul 2\Sem1\POO\Etapa1_POO\.\src\Data\OutputError.java:22:5: Class 'OutputError' looks like designed for extension (can be subclassed), but the method 'setCurrentMoviesList' does not have javadoc that explains how to do that safely. If class is not designed for extension consider making the class 'OutputError' final or making the method 'setCurrentMoviesList' static/final/abstract/empty, or adding allowed annotation for the method. [DesignForExtension]
[ERROR] S:\Facultate\Anul 2\Sem1\POO\Etapa1_POO\.\src\Data\OutputError.java:22:38: Parameter currentMoviesList should be final. [FinalParameters]
[ERROR] S:\Facultate\Anul 2\Sem1\POO\Etapa1_POO\.\src\Data\OutputError.java:26:5: Class 'OutputError' looks like designed for extension (can be subclassed), but the method 'getCurrentUser' does not have javadoc that explains how to do that safely. If class is not designed for extension consider making the class 'OutputError' final or making the method 'getCurrentUser' static/final/abstract/empty, or adding allowed annotation for the method. [DesignForExtension]
[ERROR] S:\Facultate\Anul 2\Sem1\POO\Etapa1_POO\.\src\Data\OutputError.java:30:5: Class 'OutputError' looks like designed for extension (can be subclassed), but the method 'setCurrentUser' does not have javadoc that explains how to do that safely. If class is not designed for extension consider making the class 'OutputError' final or making the method 'setCurrentUser' static/final/abstract/empty, or adding allowed annotation for the method. [DesignForExtension]
[ERROR] S:\Facultate\Anul 2\Sem1\POO\Etapa1_POO\.\src\Data\OutputError.java:30:32: Parameter currentUser should be final. [FinalParameters]
[ERROR] S:\Facultate\Anul 2\Sem1\POO\Etapa1_POO\.\src\Data\User.java:1:9: Name 'Data' must match pattern '^[a-z]+(\.[a-zA-Z_][a-zA-Z0-9_]*)*$'. [PackageName]
[ERROR] S:\Facultate\Anul 2\Sem1\POO\Etapa1_POO\.\src\Data\User.java:8:17: Variable 'credentials' must be private and have accessor methods. [VisibilityModifier]
[ERROR] S:\Facultate\Anul 2\Sem1\POO\Etapa1_POO\.\src\Data\User.java:11:22: Variable 'purchasedMovies' must be private and have accessor methods. [VisibilityModifier]
[ERROR] S:\Facultate\Anul 2\Sem1\POO\Etapa1_POO\.\src\Data\User.java:12:22: Variable 'watchedMovies' must be private and have accessor methods. [VisibilityModifier]
[ERROR] S:\Facultate\Anul 2\Sem1\POO\Etapa1_POO\.\src\Data\User.java:13:22: Variable 'likedMovies' must be private and have accessor methods. [VisibilityModifier]
[ERROR] S:\Facultate\Anul 2\Sem1\POO\Etapa1_POO\.\src\Data\User.java:14:22: Variable 'ratedMovies' must be private and have accessor methods. [VisibilityModifier]
[ERROR] S:\Facultate\Anul 2\Sem1\POO\Etapa1_POO\.\src\Data\User.java:16:5: Class 'User' looks like designed for extension (can be subclassed), but the method 'equals' does not have javadoc that explains how to do that safely. If class is not designed for extension consider making the class 'User' final or making the method 'equals' static/final/abstract/empty, or adding allowed annotation for the method. [DesignForExtension]
[ERROR] S:\Facultate\Anul 2\Sem1\POO\Etapa1_POO\.\src\Data\User.java:16:5: Missing a Javadoc comment. [MissingJavadocMethod]
[ERROR] S:\Facultate\Anul 2\Sem1\POO\Etapa1_POO\.\src\Data\User.java:16:27: Parameter obj should be final. [FinalParameters]
[ERROR] S:\Facultate\Anul 2\Sem1\POO\Etapa1_POO\.\src\Data\User.java:17:82: '&&' should be on a new line. [OperatorWrap]
[ERROR] S:\Facultate\Anul 2\Sem1\POO\Etapa1_POO\.\src\Data\User.java:25:5: Class 'User' looks like designed for extension (can be subclassed), but the method 'getCredentials' does not have javadoc that explains how to do that safely. If class is not designed for extension consider making the class 'User' final or making the method 'getCredentials' static/final/abstract/empty, or adding allowed annotation for the method. [DesignForExtension]
[ERROR] S:\Facultate\Anul 2\Sem1\POO\Etapa1_POO\.\src\Data\User.java:29:5: Class 'User' looks like designed for extension (can be subclassed), but the method 'setCredentials' does not have javadoc that explains how to do that safely. If class is not designed for extension consider making the class 'User' final or making the method 'setCredentials' static/final/abstract/empty, or adding allowed annotation for the method. [DesignForExtension]
[ERROR] S:\Facultate\Anul 2\Sem1\POO\Etapa1_POO\.\src\Data\User.java:29:32: Parameter credentials should be final. [FinalParameters]
[ERROR] S:\Facultate\Anul 2\Sem1\POO\Etapa1_POO\.\src\Data\User.java:33:5: Class 'User' looks like designed for extension (can be subclassed), but the method 'getTokensCount' does not have javadoc that explains how to do that safely. If class is not designed for extension consider making the class 'User' final or making the method 'getTokensCount' static/final/abstract/empty, or adding allowed annotation for the method. [DesignForExtension]
[ERROR] S:\Facultate\Anul 2\Sem1\POO\Etapa1_POO\.\src\Data\User.java:37:5: Class 'User' looks like designed for extension (can be subclassed), but the method 'setTokensCount' does not have javadoc that explains how to do that safely. If class is not designed for extension consider making the class 'User' final or making the method 'setTokensCount' static/final/abstract/empty, or adding allowed annotation for the method. [DesignForExtension]
[ERROR] S:\Facultate\Anul 2\Sem1\POO\Etapa1_POO\.\src\Data\User.java:37:32: Parameter tokensCount should be final. [FinalParameters]
[ERROR] S:\Facultate\Anul 2\Sem1\POO\Etapa1_POO\.\src\Data\User.java:41:5: Class 'User' looks like designed for extension (can be subclassed), but the method 'getNumFreePremiumMovies' does not have javadoc that explains how to do that safely. If class is not designed for extension consider making the class 'User' final or making the method 'getNumFreePremiumMovies' static/final/abstract/empty, or adding allowed annotation for the method. [DesignForExtension]
[ERROR] S:\Facultate\Anul 2\Sem1\POO\Etapa1_POO\.\src\Data\User.java:45:5: Class 'User' looks like designed for extension (can be subclassed), but the method 'setNumFreePremiumMovies' does not have javadoc that explains how to do that safely. If class is not designed for extension consider making the class 'User' final or making the method 'setNumFreePremiumMovies' static/final/abstract/empty, or adding allowed annotation for the method. [DesignForExtension]
[ERROR] S:\Facultate\Anul 2\Sem1\POO\Etapa1_POO\.\src\Data\User.java:45:41: Parameter numFreePremiumMovies should be final. [FinalParameters]
[ERROR] S:\Facultate\Anul 2\Sem1\POO\Etapa1_POO\.\src\Data\User.java:49:5: Class 'User' looks like designed for extension (can be subclassed), but the method 'getPurchasedMovies' does not have javadoc that explains how to do that safely. If class is not designed for extension consider making the class 'User' final or making the method 'getPurchasedMovies' static/final/abstract/empty, or adding allowed annotation for the method. [DesignForExtension]
[ERROR] S:\Facultate\Anul 2\Sem1\POO\Etapa1_POO\.\src\Data\User.java:53:5: Class 'User' looks like designed for extension (can be subclassed), but the method 'setPurchasedMovies' does not have javadoc that explains how to do that safely. If class is not designed for extension consider making the class 'User' final or making the method 'setPurchasedMovies' static/final/abstract/empty, or adding allowed annotation for the method. [DesignForExtension]
[ERROR] S:\Facultate\Anul 2\Sem1\POO\Etapa1_POO\.\src\Data\User.java:53:36: Parameter purchasedMovies should be final. [FinalParameters]
[ERROR] S:\Facultate\Anul 2\Sem1\POO\Etapa1_POO\.\src\Data\User.java:57:5: Class 'User' looks like designed for extension (can be subclassed), but the method 'getWatchedMovies' does not have javadoc that explains how to do that safely. If class is not designed for extension consider making the class 'User' final or making the method 'getWatchedMovies' static/final/abstract/empty, or adding allowed annotation for the method. [DesignForExtension]
[ERROR] S:\Facultate\Anul 2\Sem1\POO\Etapa1_POO\.\src\Data\User.java:61:5: Class 'User' looks like designed for extension (can be subclassed), but the method 'setWatchedMovies' does not have javadoc that explains how to do that safely. If class is not designed for extension consider making the class 'User' final or making the method 'setWatchedMovies' static/final/abstract/empty, or adding allowed annotation for the method. [DesignForExtension]
[ERROR] S:\Facultate\Anul 2\Sem1\POO\Etapa1_POO\.\src\Data\User.java:61:34: Parameter watchedMovies should be final. [FinalParameters]
[ERROR] S:\Facultate\Anul 2\Sem1\POO\Etapa1_POO\.\src\Data\User.java:65:5: Class 'User' looks like designed for extension (can be subclassed), but the method 'getLikedMovies' does not have javadoc that explains how to do that safely. If class is not designed for extension consider making the class 'User' final or making the method 'getLikedMovies' static/final/abstract/empty, or adding allowed annotation for the method. [DesignForExtension]
[ERROR] S:\Facultate\Anul 2\Sem1\POO\Etapa1_POO\.\src\Data\User.java:69:5: Class 'User' looks like designed for extension (can be subclassed), but the method 'setLikedMovies' does not have javadoc that explains how to do that safely. If class is not designed for extension consider making the class 'User' final or making the method 'setLikedMovies' static/final/abstract/empty, or adding allowed annotation for the method. [DesignForExtension]
[ERROR] S:\Facultate\Anul 2\Sem1\POO\Etapa1_POO\.\src\Data\User.java:69:32: Parameter likedMovies should be final. [FinalParameters]
[ERROR] S:\Facultate\Anul 2\Sem1\POO\Etapa1_POO\.\src\Data\User.java:73:5: Class 'User' looks like designed for extension (can be subclassed), but the method 'getRatedMovies' does not have javadoc that explains how to do that safely. If class is not designed for extension consider making the class 'User' final or making the method 'getRatedMovies' static/final/abstract/empty, or adding allowed annotation for the method. [DesignForExtension]
[ERROR] S:\Facultate\Anul 2\Sem1\POO\Etapa1_POO\.\src\Data\User.java:77:5: Class 'User' looks like designed for extension (can be subclassed), but the method 'setRatedMovies' does not have javadoc that explains how to do that safely. If class is not designed for extension consider making the class 'User' final or making the method 'setRatedMovies' static/final/abstract/empty, or adding allowed annotation for the method. [DesignForExtension]
[ERROR] S:\Facultate\Anul 2\Sem1\POO\Etapa1_POO\.\src\Data\User.java:77:32: Parameter ratedMovies should be final. [FinalParameters]
[ERROR] S:\Facultate\Anul 2\Sem1\POO\Etapa1_POO\.\src\Data\User.java:81:5: Class 'User' looks like designed for extension (can be subclassed), but the method 'toString' does not have javadoc that explains how to do that safely. If class is not designed for extension consider making the class 'User' final or making the method 'toString' static/final/abstract/empty, or adding allowed annotation for the method. [DesignForExtension]
[ERROR] S:\Facultate\Anul 2\Sem1\POO\Etapa1_POO\.\src\Data\User.java:83:24: '+' should be on a new line. [OperatorWrap]
[ERROR] S:\Facultate\Anul 2\Sem1\POO\Etapa1_POO\.\src\Data\User.java:84:46: '+' should be on a new line. [OperatorWrap]
[ERROR] S:\Facultate\Anul 2\Sem1\POO\Etapa1_POO\.\src\Data\User.java:85:48: '+' should be on a new line. [OperatorWrap]
[ERROR] S:\Facultate\Anul 2\Sem1\POO\Etapa1_POO\.\src\Data\User.java:86:66: '+' should be on a new line. [OperatorWrap]
[ERROR] S:\Facultate\Anul 2\Sem1\POO\Etapa1_POO\.\src\Data\User.java:87:56: '+' should be on a new line. [OperatorWrap]
[ERROR] S:\Facultate\Anul 2\Sem1\POO\Etapa1_POO\.\src\Data\User.java:88:52: '+' should be on a new line. [OperatorWrap]
[ERROR] S:\Facultate\Anul 2\Sem1\POO\Etapa1_POO\.\src\Data\User.java:89:48: '+' should be on a new line. [OperatorWrap]
[ERROR] S:\Facultate\Anul 2\Sem1\POO\Etapa1_POO\.\src\Data\User.java:90:48: '+' should be on a new line. [OperatorWrap]
[ERROR] S:\Facultate\Anul 2\Sem1\POO\Etapa1_POO\.\src\Factory\ErrorFactory.java:1:9: Name 'Factory' must match pattern '^[a-z]+(\.[a-zA-Z_][a-zA-Z0-9_]*)*$'. [PackageName]
[ERROR] S:\Facultate\Anul 2\Sem1\POO\Etapa1_POO\.\src\Factory\ErrorFactory.java:7:1: Utility classes should not have a public or default constructor. [HideUtilityClassConstructor]
[ERROR] S:\Facultate\Anul 2\Sem1\POO\Etapa1_POO\.\src\Factory\ErrorFactory.java:8:5: Missing a Javadoc comment. [MissingJavadocMethod]
[ERROR] S:\Facultate\Anul 2\Sem1\POO\Etapa1_POO\.\src\Factory\ErrorFactory.java:8:45: Parameter dataBase should be final. [FinalParameters]
[ERROR] S:\Facultate\Anul 2\Sem1\POO\Etapa1_POO\.\src\Factory\ErrorFactory.java:15:5: Missing a Javadoc comment. [MissingJavadocMethod]
[ERROR] S:\Facultate\Anul 2\Sem1\POO\Etapa1_POO\.\src\Factory\ErrorFactory.java:15:39: Parameter dataBase should be final. [FinalParameters]
[ERROR] S:\Facultate\Anul 2\Sem1\POO\Etapa1_POO\.\src\Factory\ErrorFactory.java:22:5: Missing a Javadoc comment. [MissingJavadocMethod]
[ERROR] S:\Facultate\Anul 2\Sem1\POO\Etapa1_POO\.\src\Factory\ErrorFactory.java:22:39: Parameter dataBase should be final. [FinalParameters]
[ERROR] S:\Facultate\Anul 2\Sem1\POO\Etapa1_POO\.\src\Factory\ErrorFactory.java:22:58: Parameter user should be final. [FinalParameters]
[ERROR] S:\Facultate\Anul 2\Sem1\POO\Etapa1_POO\.\src\Factory\MovieFactory.java:1:9: Name 'Factory' must match pattern '^[a-z]+(\.[a-zA-Z_][a-zA-Z0-9_]*)*$'. [PackageName]
[ERROR] S:\Facultate\Anul 2\Sem1\POO\Etapa1_POO\.\src\Factory\MovieFactory.java:6:1: Utility classes should not have a public or default constructor. [HideUtilityClassConstructor]
[ERROR] S:\Facultate\Anul 2\Sem1\POO\Etapa1_POO\.\src\Factory\MovieFactory.java:7:5: Missing a Javadoc comment. [MissingJavadocMethod]
[ERROR] S:\Facultate\Anul 2\Sem1\POO\Etapa1_POO\.\src\Factory\MovieFactory.java:7:34: Parameter movie should be final. [FinalParameters]
[ERROR] S:\Facultate\Anul 2\Sem1\POO\Etapa1_POO\.\src\Factory\UserFactory.java:1:9: Name 'Factory' must match pattern '^[a-z]+(\.[a-zA-Z_][a-zA-Z0-9_]*)*$'. [PackageName]
[ERROR] S:\Facultate\Anul 2\Sem1\POO\Etapa1_POO\.\src\Factory\UserFactory.java:7:1: Utility classes should not have a public or default constructor. [HideUtilityClassConstructor]
[ERROR] S:\Facultate\Anul 2\Sem1\POO\Etapa1_POO\.\src\Factory\UserFactory.java:8:5: Missing a Javadoc comment. [MissingJavadocMethod]
[ERROR] S:\Facultate\Anul 2\Sem1\POO\Etapa1_POO\.\src\Factory\UserFactory.java:8:32: Parameter user should be final. [FinalParameters]
[ERROR] S:\Facultate\Anul 2\Sem1\POO\Etapa1_POO\.\src\Factory\UserFactory.java:17:41: '15' is a magic number. [MagicNumber]
[ERROR] S:\Facultate\Anul 2\Sem1\POO\Etapa1_POO\.\src\Factory\UserFactory.java:22:5: Missing a Javadoc comment. [MissingJavadocMethod]
[ERROR] S:\Facultate\Anul 2\Sem1\POO\Etapa1_POO\.\src\Factory\UserFactory.java:22:32: Parameter credentials should be final. [FinalParameters]
[ERROR] S:\Facultate\Anul 2\Sem1\POO\Etapa1_POO\.\src\Factory\UserFactory.java:31:41: '15' is a magic number. [MagicNumber]
[ERROR] S:\Facultate\Anul 2\Sem1\POO\Etapa1_POO\.\src\Factory\UserFactory.java:36:5: Missing a Javadoc comment. [MissingJavadocMethod]
[ERROR] S:\Facultate\Anul 2\Sem1\POO\Etapa1_POO\.\src\Factory\UserFactory.java:36:32: Parameter user should be final. [FinalParameters]
[ERROR] S:\Facultate\Anul 2\Sem1\POO\Etapa1_POO\.\src\fileio\Action.java:16:25: Parameter type should be final. [FinalParameters]
[ERROR] S:\Facultate\Anul 2\Sem1\POO\Etapa1_POO\.\src\fileio\Action.java:24:25: Parameter page should be final. [FinalParameters]
[ERROR] S:\Facultate\Anul 2\Sem1\POO\Etapa1_POO\.\src\fileio\Action.java:32:28: Parameter feature should be final. [FinalParameters]
[ERROR] S:\Facultate\Anul 2\Sem1\POO\Etapa1_POO\.\src\fileio\Action.java:40:32: Parameter credentials should be final. [FinalParameters]
[ERROR] S:\Facultate\Anul 2\Sem1\POO\Etapa1_POO\.\src\fileio\Action.java:48:31: Parameter startsWith should be final. [FinalParameters]
[ERROR] S:\Facultate\Anul 2\Sem1\POO\Etapa1_POO\.\src\fileio\Action.java:56:26: Parameter count should be final. [FinalParameters]
[ERROR] S:\Facultate\Anul 2\Sem1\POO\Etapa1_POO\.\src\fileio\Action.java:64:25: Parameter rate should be final. [FinalParameters]
[ERROR] S:\Facultate\Anul 2\Sem1\POO\Etapa1_POO\.\src\fileio\Credentials.java:18: Line is longer than 100 characters (found 106). [LineLength]
[ERROR] S:\Facultate\Anul 2\Sem1\POO\Etapa1_POO\.\src\fileio\Credentials.java:18:24: Parameter name should be final. [FinalParameters]
[ERROR] S:\Facultate\Anul 2\Sem1\POO\Etapa1_POO\.\src\fileio\Credentials.java:18:37: Parameter password should be final. [FinalParameters]
[ERROR] S:\Facultate\Anul 2\Sem1\POO\Etapa1_POO\.\src\fileio\Credentials.java:18:54: Parameter accountType should be final. [FinalParameters]
[ERROR] S:\Facultate\Anul 2\Sem1\POO\Etapa1_POO\.\src\fileio\Credentials.java:18:74: Parameter country should be final. [FinalParameters]
[ERROR] S:\Facultate\Anul 2\Sem1\POO\Etapa1_POO\.\src\fileio\Credentials.java:18:90: Parameter balance should be final. [FinalParameters]
[ERROR] S:\Facultate\Anul 2\Sem1\POO\Etapa1_POO\.\src\fileio\Credentials.java:26:24: Parameter name should be final. [FinalParameters]
[ERROR] S:\Facultate\Anul 2\Sem1\POO\Etapa1_POO\.\src\fileio\Credentials.java:26:37: Parameter password should be final. [FinalParameters]
[ERROR] S:\Facultate\Anul 2\Sem1\POO\Etapa1_POO\.\src\fileio\Credentials.java:35:25: Parameter name should be final. [FinalParameters]
[ERROR] S:\Facultate\Anul 2\Sem1\POO\Etapa1_POO\.\src\fileio\Credentials.java:43:29: Parameter password should be final. [FinalParameters]
[ERROR] S:\Facultate\Anul 2\Sem1\POO\Etapa1_POO\.\src\fileio\Credentials.java:51:32: Parameter accountType should be final. [FinalParameters]
[ERROR] S:\Facultate\Anul 2\Sem1\POO\Etapa1_POO\.\src\fileio\Credentials.java:59:28: Parameter country should be final. [FinalParameters]
[ERROR] S:\Facultate\Anul 2\Sem1\POO\Etapa1_POO\.\src\fileio\Credentials.java:67:28: Parameter balance should be final. [FinalParameters]
[ERROR] S:\Facultate\Anul 2\Sem1\POO\Etapa1_POO\.\src\fileio\Credentials.java:75:31: Parameter intBalance should be final. [FinalParameters]
[ERROR] S:\Facultate\Anul 2\Sem1\POO\Etapa1_POO\.\src\fileio\Credentials.java:81:31: '+' should be on a new line. [OperatorWrap]
[ERROR] S:\Facultate\Anul 2\Sem1\POO\Etapa1_POO\.\src\fileio\Credentials.java:82:40: '+' should be on a new line. [OperatorWrap]
[ERROR] S:\Facultate\Anul 2\Sem1\POO\Etapa1_POO\.\src\fileio\Credentials.java:83:50: '+' should be on a new line. [OperatorWrap]
[ERROR] S:\Facultate\Anul 2\Sem1\POO\Etapa1_POO\.\src\fileio\Credentials.java:84:56: '+' should be on a new line. [OperatorWrap]
[ERROR] S:\Facultate\Anul 2\Sem1\POO\Etapa1_POO\.\src\fileio\Credentials.java:85:48: '+' should be on a new line. [OperatorWrap]
[ERROR] S:\Facultate\Anul 2\Sem1\POO\Etapa1_POO\.\src\fileio\Credentials.java:86:48: '+' should be on a new line. [OperatorWrap]
[ERROR] S:\Facultate\Anul 2\Sem1\POO\Etapa1_POO\.\src\fileio\Credentials.java:87:46: '+' should be on a new line. [OperatorWrap]
[ERROR] S:\Facultate\Anul 2\Sem1\POO\Etapa1_POO\.\src\fileio\Input.java:17:26: Parameter users should be final. [FinalParameters]
[ERROR] S:\Facultate\Anul 2\Sem1\POO\Etapa1_POO\.\src\fileio\Input.java:25:27: Parameter movies should be final. [FinalParameters]
[ERROR] S:\Facultate\Anul 2\Sem1\POO\Etapa1_POO\.\src\fileio\Input.java:33:28: Parameter actions should be final. [FinalParameters]
[ERROR] S:\Facultate\Anul 2\Sem1\POO\Etapa1_POO\.\src\fileio\Movieio.java:17:25: Parameter name should be final. [FinalParameters]
[ERROR] S:\Facultate\Anul 2\Sem1\POO\Etapa1_POO\.\src\fileio\Movieio.java:25:25: Parameter year should be final. [FinalParameters]
[ERROR] S:\Facultate\Anul 2\Sem1\POO\Etapa1_POO\.\src\fileio\Movieio.java:33:29: Parameter duration should be final. [FinalParameters]
[ERROR] S:\Facultate\Anul 2\Sem1\POO\Etapa1_POO\.\src\fileio\Movieio.java:41:27: Parameter genres should be final. [FinalParameters]
[ERROR] S:\Facultate\Anul 2\Sem1\POO\Etapa1_POO\.\src\fileio\Movieio.java:49:27: Parameter actors should be final. [FinalParameters]
[ERROR] S:\Facultate\Anul 2\Sem1\POO\Etapa1_POO\.\src\fileio\Movieio.java:57:36: Parameter countriesBanned should be final. [FinalParameters]
[ERROR] S:\Facultate\Anul 2\Sem1\POO\Etapa1_POO\.\src\fileio\Movieio.java:63:25: '+' should be on a new line. [OperatorWrap]
[ERROR] S:\Facultate\Anul 2\Sem1\POO\Etapa1_POO\.\src\fileio\Movieio.java:64:40: '+' should be on a new line. [OperatorWrap]
[ERROR] S:\Facultate\Anul 2\Sem1\POO\Etapa1_POO\.\src\fileio\Movieio.java:65:34: '+' should be on a new line. [OperatorWrap]
[ERROR] S:\Facultate\Anul 2\Sem1\POO\Etapa1_POO\.\src\fileio\Movieio.java:66:42: '+' should be on a new line. [OperatorWrap]
[ERROR] S:\Facultate\Anul 2\Sem1\POO\Etapa1_POO\.\src\fileio\Movieio.java:67:38: '+' should be on a new line. [OperatorWrap]
[ERROR] S:\Facultate\Anul 2\Sem1\POO\Etapa1_POO\.\src\fileio\Movieio.java:68:38: '+' should be on a new line. [OperatorWrap]
[ERROR] S:\Facultate\Anul 2\Sem1\POO\Etapa1_POO\.\src\fileio\Movieio.java:69:56: '+' should be on a new line. [OperatorWrap]
[ERROR] S:\Facultate\Anul 2\Sem1\POO\Etapa1_POO\.\src\fileio\Userio.java:10:19: Parameter credentials should be final. [FinalParameters]
[ERROR] S:\Facultate\Anul 2\Sem1\POO\Etapa1_POO\.\src\fileio\Userio.java:14:5: Class 'Userio' looks like designed for extension (can be subclassed), but the method 'getCredentials' does not have javadoc that explains how to do that safely. If class is not designed for extension consider making the class 'Userio' final or making the method 'getCredentials' static/final/abstract/empty, or adding allowed annotation for the method. [DesignForExtension]
[ERROR] S:\Facultate\Anul 2\Sem1\POO\Etapa1_POO\.\src\fileio\Userio.java:18:5: Class 'Userio' looks like designed for extension (can be subclassed), but the method 'setCredentials' does not have javadoc that explains how to do that safely. If class is not designed for extension consider making the class 'Userio' final or making the method 'setCredentials' static/final/abstract/empty, or adding allowed annotation for the method. [DesignForExtension]
[ERROR] S:\Facultate\Anul 2\Sem1\POO\Etapa1_POO\.\src\fileio\Userio.java:18:32: Parameter credentials should be final. [FinalParameters]
[ERROR] S:\Facultate\Anul 2\Sem1\POO\Etapa1_POO\.\src\Main.java:16:8: Unused import - java.util.ArrayList. [UnusedImports]
[ERROR] S:\Facultate\Anul 2\Sem1\POO\Etapa1_POO\.\src\Main.java:18:1: Utility classes should not have a public or default constructor. [HideUtilityClassConstructor]
[ERROR] S:\Facultate\Anul 2\Sem1\POO\Etapa1_POO\.\src\Main.java:19:5: Missing a Javadoc comment. [MissingJavadocMethod]
[ERROR] S:\Facultate\Anul 2\Sem1\POO\Etapa1_POO\.\src\Main.java:19:29: Parameter args should be final. [FinalParameters]
[ERROR] S:\Facultate\Anul 2\Sem1\POO\Etapa1_POO\.\src\Main.java:29:9: 'for' is not followed by whitespace. [WhitespaceAfter]
[ERROR] S:\Facultate\Anul 2\Sem1\POO\Etapa1_POO\.\src\Main.java:33:9: 'for' is not followed by whitespace. [WhitespaceAfter]
[ERROR] S:\Facultate\Anul 2\Sem1\POO\Etapa1_POO\.\src\Pages\Home.java:1:9: Name 'Pages' must match pattern '^[a-z]+(\.[a-zA-Z_][a-zA-Z0-9_]*)*$'. [PackageName]
[ERROR] S:\Facultate\Anul 2\Sem1\POO\Etapa1_POO\.\src\Pages\Home.java:11:31: '{' is not preceded with whitespace. [WhitespaceAround]
[ERROR] S:\Facultate\Anul 2\Sem1\POO\Etapa1_POO\.\src\Pages\Home.java:12:19: 'static' modifier out of order with the JLS suggestions. [ModifierOrder]
[ERROR] S:\Facultate\Anul 2\Sem1\POO\Etapa1_POO\.\src\Pages\Home.java:12:33: Name 'name' must match pattern '^[A-Z][A-Z0-9]*(_[A-Z0-9]+)*$'. [ConstantName]
[ERROR] S:\Facultate\Anul 2\Sem1\POO\Etapa1_POO\.\src\Pages\Home.java:13:19: 'static' modifier out of order with the JLS suggestions. [ModifierOrder]
[ERROR] S:\Facultate\Anul 2\Sem1\POO\Etapa1_POO\.\src\Pages\Home.java:13:33: Name 'destinations' must match pattern '^[A-Z][A-Z0-9]*(_[A-Z0-9]+)*$'. [ConstantName]
[ERROR] S:\Facultate\Anul 2\Sem1\POO\Etapa1_POO\.\src\Pages\Home.java:13:45: Array brackets at illegal position. [ArrayTypeStyle]
[ERROR] S:\Facultate\Anul 2\Sem1\POO\Etapa1_POO\.\src\Pages\Home.java:14:19: 'static' modifier out of order with the JLS suggestions. [ModifierOrder]
[ERROR] S:\Facultate\Anul 2\Sem1\POO\Etapa1_POO\.\src\Pages\Home.java:14:33: Name 'actions' must match pattern '^[A-Z][A-Z0-9]*(_[A-Z0-9]+)*$'. [ConstantName]
[ERROR] S:\Facultate\Anul 2\Sem1\POO\Etapa1_POO\.\src\Pages\Home.java:14:40: Array brackets at illegal position. [ArrayTypeStyle]
[ERROR] S:\Facultate\Anul 2\Sem1\POO\Etapa1_POO\.\src\Pages\Home.java:16:5: Class 'Home' looks like designed for extension (can be subclassed), but the method 'canDoAction' does not have javadoc that explains how to do that safely. If class is not designed for extension consider making the class 'Home' final or making the method 'canDoAction' static/final/abstract/empty, or adding allowed annotation for the method. [DesignForExtension]
[ERROR] S:\Facultate\Anul 2\Sem1\POO\Etapa1_POO\.\src\Pages\Home.java:16:5: Missing a Javadoc comment. [MissingJavadocMethod]
[ERROR] S:\Facultate\Anul 2\Sem1\POO\Etapa1_POO\.\src\Pages\Home.java:16:32: Parameter action should be final. [FinalParameters]
[ERROR] S:\Facultate\Anul 2\Sem1\POO\Etapa1_POO\.\src\Pages\Home.java:19:5: Class 'Home' looks like designed for extension (can be subclassed), but the method 'canGoThere' does not have javadoc that explains how to do that safely. If class is not designed for extension consider making the class 'Home' final or making the method 'canGoThere' static/final/abstract/empty, or adding allowed annotation for the method. [DesignForExtension]
[ERROR] S:\Facultate\Anul 2\Sem1\POO\Etapa1_POO\.\src\Pages\Home.java:19:5: Missing a Javadoc comment. [MissingJavadocMethod]
[ERROR] S:\Facultate\Anul 2\Sem1\POO\Etapa1_POO\.\src\Pages\Home.java:19:31: Parameter destination should be final. [FinalParameters]
[ERROR] S:\Facultate\Anul 2\Sem1\POO\Etapa1_POO\.\src\Pages\Home.java:23: Line is longer than 100 characters (found 138). [LineLength]
[ERROR] S:\Facultate\Anul 2\Sem1\POO\Etapa1_POO\.\src\Pages\Home.java:23:5: Class 'Home' looks like designed for extension (can be subclassed), but the method 'acceptDestination' does not have javadoc that explains how to do that safely. If class is not designed for extension consider making the class 'Home' final or making the method 'acceptDestination' static/final/abstract/empty, or adding allowed annotation for the method. [DesignForExtension]
[ERROR] S:\Facultate\Anul 2\Sem1\POO\Etapa1_POO\.\src\Pages\Home.java:23:5: Missing a Javadoc comment. [MissingJavadocMethod]
[ERROR] S:\Facultate\Anul 2\Sem1\POO\Etapa1_POO\.\src\Pages\Home.java:23:35: Parameter visitor should be final. [FinalParameters]
[ERROR] S:\Facultate\Anul 2\Sem1\POO\Etapa1_POO\.\src\Pages\Home.java:23:63: Parameter dataBase should be final. [FinalParameters]
[ERROR] S:\Facultate\Anul 2\Sem1\POO\Etapa1_POO\.\src\Pages\Home.java:23:82: Parameter currentPage should be final. [FinalParameters]
[ERROR] S:\Facultate\Anul 2\Sem1\POO\Etapa1_POO\.\src\Pages\Home.java:23:100: Parameter Destination should be final. [FinalParameters]
[ERROR] S:\Facultate\Anul 2\Sem1\POO\Etapa1_POO\.\src\Pages\Home.java:23:107: Name 'Destination' must match pattern '^[a-z][a-zA-Z0-9]*$'. [ParameterName]
[ERROR] S:\Facultate\Anul 2\Sem1\POO\Etapa1_POO\.\src\Pages\Home.java:23:120: Parameter output should be final. [FinalParameters]
[ERROR] S:\Facultate\Anul 2\Sem1\POO\Etapa1_POO\.\src\Pages\Home.java:27: Line is longer than 100 characters (found 123). [LineLength]
[ERROR] S:\Facultate\Anul 2\Sem1\POO\Etapa1_POO\.\src\Pages\Home.java:27:5: Class 'Home' looks like designed for extension (can be subclassed), but the method 'acceptAction' does not have javadoc that explains how to do that safely. If class is not designed for extension consider making the class 'Home' final or making the method 'acceptAction' static/final/abstract/empty, or adding allowed annotation for the method. [DesignForExtension]
[ERROR] S:\Facultate\Anul 2\Sem1\POO\Etapa1_POO\.\src\Pages\Home.java:27:5: Missing a Javadoc comment. [MissingJavadocMethod]
[ERROR] S:\Facultate\Anul 2\Sem1\POO\Etapa1_POO\.\src\Pages\Home.java:27:30: Parameter visitor should be final. [FinalParameters]
[ERROR] S:\Facultate\Anul 2\Sem1\POO\Etapa1_POO\.\src\Pages\Home.java:27:53: Parameter dataBase should be final. [FinalParameters]
[ERROR] S:\Facultate\Anul 2\Sem1\POO\Etapa1_POO\.\src\Pages\Home.java:27:72: Parameter currentPage should be final. [FinalParameters]
[ERROR] S:\Facultate\Anul 2\Sem1\POO\Etapa1_POO\.\src\Pages\Home.java:27:90: Parameter action should be final. [FinalParameters]
[ERROR] S:\Facultate\Anul 2\Sem1\POO\Etapa1_POO\.\src\Pages\Home.java:27:105: Parameter output should be final. [FinalParameters]
[ERROR] S:\Facultate\Anul 2\Sem1\POO\Etapa1_POO\.\src\Pages\Home.java:30:5: Class 'Home' looks like designed for extension (can be subclassed), but the method 'getName' does not have javadoc that explains how to do that safely. If class is not designed for extension consider making the class 'Home' final or making the method 'getName' static/final/abstract/empty, or adding allowed annotation for the method. [DesignForExtension]
[ERROR] S:\Facultate\Anul 2\Sem1\POO\Etapa1_POO\.\src\Pages\Home.java:35:5: Class 'Home' looks like designed for extension (can be subclassed), but the method 'getDestinations' does not have javadoc that explains how to do that safely. If class is not designed for extension consider making the class 'Home' final or making the method 'getDestinations' static/final/abstract/empty, or adding allowed annotation for the method. [DesignForExtension]
[ERROR] S:\Facultate\Anul 2\Sem1\POO\Etapa1_POO\.\src\Pages\Home.java:39:5: Class 'Home' looks like designed for extension (can be subclassed), but the method 'getActions' does not have javadoc that explains how to do that safely. If class is not designed for extension consider making the class 'Home' final or making the method 'getActions' static/final/abstract/empty, or adding allowed annotation for the method. [DesignForExtension]
[ERROR] S:\Facultate\Anul 2\Sem1\POO\Etapa1_POO\.\src\Pages\Login.java:1:9: Name 'Pages' must match pattern '^[a-z]+(\.[a-zA-Z_][a-zA-Z0-9_]*)*$'. [PackageName]
[ERROR] S:\Facultate\Anul 2\Sem1\POO\Etapa1_POO\.\src\Pages\Login.java:12:19: 'static' modifier out of order with the JLS suggestions. [ModifierOrder]
[ERROR] S:\Facultate\Anul 2\Sem1\POO\Etapa1_POO\.\src\Pages\Login.java:12:33: Name 'name' must match pattern '^[A-Z][A-Z0-9]*(_[A-Z0-9]+)*$'. [ConstantName]
[ERROR] S:\Facultate\Anul 2\Sem1\POO\Etapa1_POO\.\src\Pages\Login.java:13:19: 'static' modifier out of order with the JLS suggestions. [ModifierOrder]
[ERROR] S:\Facultate\Anul 2\Sem1\POO\Etapa1_POO\.\src\Pages\Login.java:13:33: Name 'destinations' must match pattern '^[A-Z][A-Z0-9]*(_[A-Z0-9]+)*$'. [ConstantName]
[ERROR] S:\Facultate\Anul 2\Sem1\POO\Etapa1_POO\.\src\Pages\Login.java:13:45: Array brackets at illegal position. [ArrayTypeStyle]
[ERROR] S:\Facultate\Anul 2\Sem1\POO\Etapa1_POO\.\src\Pages\Login.java:14:19: 'static' modifier out of order with the JLS suggestions. [ModifierOrder]
[ERROR] S:\Facultate\Anul 2\Sem1\POO\Etapa1_POO\.\src\Pages\Login.java:14:33: Name 'actions' must match pattern '^[A-Z][A-Z0-9]*(_[A-Z0-9]+)*$'. [ConstantName]
[ERROR] S:\Facultate\Anul 2\Sem1\POO\Etapa1_POO\.\src\Pages\Login.java:14:40: Array brackets at illegal position. [ArrayTypeStyle]
[ERROR] S:\Facultate\Anul 2\Sem1\POO\Etapa1_POO\.\src\Pages\Login.java:16:5: Class 'Login' looks like designed for extension (can be subclassed), but the method 'canDoAction' does not have javadoc that explains how to do that safely. If class is not designed for extension consider making the class 'Login' final or making the method 'canDoAction' static/final/abstract/empty, or adding allowed annotation for the method. [DesignForExtension]
[ERROR] S:\Facultate\Anul 2\Sem1\POO\Etapa1_POO\.\src\Pages\Login.java:16:5: Missing a Javadoc comment. [MissingJavadocMethod]
[ERROR] S:\Facultate\Anul 2\Sem1\POO\Etapa1_POO\.\src\Pages\Login.java:16:32: Parameter action should be final. [FinalParameters]
[ERROR] S:\Facultate\Anul 2\Sem1\POO\Etapa1_POO\.\src\Pages\Login.java:20:5: Class 'Login' looks like designed for extension (can be subclassed), but the method 'canGoThere' does not have javadoc that explains how to do that safely. If class is not designed for extension consider making the class 'Login' final or making the method 'canGoThere' static/final/abstract/empty, or adding allowed annotation for the method. [DesignForExtension]
[ERROR] S:\Facultate\Anul 2\Sem1\POO\Etapa1_POO\.\src\Pages\Login.java:20:5: Missing a Javadoc comment. [MissingJavadocMethod]
[ERROR] S:\Facultate\Anul 2\Sem1\POO\Etapa1_POO\.\src\Pages\Login.java:20:31: Parameter destination should be final. [FinalParameters]
[ERROR] S:\Facultate\Anul 2\Sem1\POO\Etapa1_POO\.\src\Pages\Login.java:24: Line is longer than 100 characters (found 138). [LineLength]
[ERROR] S:\Facultate\Anul 2\Sem1\POO\Etapa1_POO\.\src\Pages\Login.java:24:5: Class 'Login' looks like designed for extension (can be subclassed), but the method 'acceptDestination' does not have javadoc that explains how to do that safely. If class is not designed for extension consider making the class 'Login' final or making the method 'acceptDestination' static/final/abstract/empty, or adding allowed annotation for the method. [DesignForExtension]
[ERROR] S:\Facultate\Anul 2\Sem1\POO\Etapa1_POO\.\src\Pages\Login.java:24:5: Missing a Javadoc comment. [MissingJavadocMethod]
[ERROR] S:\Facultate\Anul 2\Sem1\POO\Etapa1_POO\.\src\Pages\Login.java:24:35: Parameter visitor should be final. [FinalParameters]
[ERROR] S:\Facultate\Anul 2\Sem1\POO\Etapa1_POO\.\src\Pages\Login.java:24:63: Parameter dataBase should be final. [FinalParameters]
[ERROR] S:\Facultate\Anul 2\Sem1\POO\Etapa1_POO\.\src\Pages\Login.java:24:82: Parameter currentPage should be final. [FinalParameters]
[ERROR] S:\Facultate\Anul 2\Sem1\POO\Etapa1_POO\.\src\Pages\Login.java:24:100: Parameter Destination should be final. [FinalParameters]
[ERROR] S:\Facultate\Anul 2\Sem1\POO\Etapa1_POO\.\src\Pages\Login.java:24:107: Name 'Destination' must match pattern '^[a-z][a-zA-Z0-9]*$'. [ParameterName]
[ERROR] S:\Facultate\Anul 2\Sem1\POO\Etapa1_POO\.\src\Pages\Login.java:24:120: Parameter output should be final. [FinalParameters]
[ERROR] S:\Facultate\Anul 2\Sem1\POO\Etapa1_POO\.\src\Pages\Login.java:28: Line is longer than 100 characters (found 123). [LineLength]
[ERROR] S:\Facultate\Anul 2\Sem1\POO\Etapa1_POO\.\src\Pages\Login.java:28:5: Class 'Login' looks like designed for extension (can be subclassed), but the method 'acceptAction' does not have javadoc that explains how to do that safely. If class is not designed for extension consider making the class 'Login' final or making the method 'acceptAction' static/final/abstract/empty, or adding allowed annotation for the method. [DesignForExtension]
[ERROR] S:\Facultate\Anul 2\Sem1\POO\Etapa1_POO\.\src\Pages\Login.java:28:5: Missing a Javadoc comment. [MissingJavadocMethod]
[ERROR] S:\Facultate\Anul 2\Sem1\POO\Etapa1_POO\.\src\Pages\Login.java:28:30: Parameter visitor should be final. [FinalParameters]
[ERROR] S:\Facultate\Anul 2\Sem1\POO\Etapa1_POO\.\src\Pages\Login.java:28:53: Parameter dataBase should be final. [FinalParameters]
[ERROR] S:\Facultate\Anul 2\Sem1\POO\Etapa1_POO\.\src\Pages\Login.java:28:72: Parameter currentPage should be final. [FinalParameters]
[ERROR] S:\Facultate\Anul 2\Sem1\POO\Etapa1_POO\.\src\Pages\Login.java:28:90: Parameter action should be final. [FinalParameters]
[ERROR] S:\Facultate\Anul 2\Sem1\POO\Etapa1_POO\.\src\Pages\Login.java:28:105: Parameter output should be final. [FinalParameters]
[ERROR] S:\Facultate\Anul 2\Sem1\POO\Etapa1_POO\.\src\Pages\Login.java:32:5: Class 'Login' looks like designed for extension (can be subclassed), but the method 'getName' does not have javadoc that explains how to do that safely. If class is not designed for extension consider making the class 'Login' final or making the method 'getName' static/final/abstract/empty, or adding allowed annotation for the method. [DesignForExtension]
[ERROR] S:\Facultate\Anul 2\Sem1\POO\Etapa1_POO\.\src\Pages\Login.java:37:5: Class 'Login' looks like designed for extension (can be subclassed), but the method 'getDestinations' does not have javadoc that explains how to do that safely. If class is not designed for extension consider making the class 'Login' final or making the method 'getDestinations' static/final/abstract/empty, or adding allowed annotation for the method. [DesignForExtension]
[ERROR] S:\Facultate\Anul 2\Sem1\POO\Etapa1_POO\.\src\Pages\Login.java:41:5: Class 'Login' looks like designed for extension (can be subclassed), but the method 'getActions' does not have javadoc that explains how to do that safely. If class is not designed for extension consider making the class 'Login' final or making the method 'getActions' static/final/abstract/empty, or adding allowed annotation for the method. [DesignForExtension]
[ERROR] S:\Facultate\Anul 2\Sem1\POO\Etapa1_POO\.\src\Pages\Logout.java:1:9: Name 'Pages' must match pattern '^[a-z]+(\.[a-zA-Z_][a-zA-Z0-9_]*)*$'. [PackageName]
[ERROR] S:\Facultate\Anul 2\Sem1\POO\Etapa1_POO\.\src\Pages\Logout.java:12:19: 'static' modifier out of order with the JLS suggestions. [ModifierOrder]
[ERROR] S:\Facultate\Anul 2\Sem1\POO\Etapa1_POO\.\src\Pages\Logout.java:12:33: Name 'name' must match pattern '^[A-Z][A-Z0-9]*(_[A-Z0-9]+)*$'. [ConstantName]
[ERROR] S:\Facultate\Anul 2\Sem1\POO\Etapa1_POO\.\src\Pages\Logout.java:13:19: 'static' modifier out of order with the JLS suggestions. [ModifierOrder]
[ERROR] S:\Facultate\Anul 2\Sem1\POO\Etapa1_POO\.\src\Pages\Logout.java:13:33: Name 'destinations' must match pattern '^[A-Z][A-Z0-9]*(_[A-Z0-9]+)*$'. [ConstantName]
[ERROR] S:\Facultate\Anul 2\Sem1\POO\Etapa1_POO\.\src\Pages\Logout.java:13:45: Array brackets at illegal position. [ArrayTypeStyle]
[ERROR] S:\Facultate\Anul 2\Sem1\POO\Etapa1_POO\.\src\Pages\Logout.java:14:19: 'static' modifier out of order with the JLS suggestions. [ModifierOrder]
[ERROR] S:\Facultate\Anul 2\Sem1\POO\Etapa1_POO\.\src\Pages\Logout.java:14:33: Name 'actions' must match pattern '^[A-Z][A-Z0-9]*(_[A-Z0-9]+)*$'. [ConstantName]
[ERROR] S:\Facultate\Anul 2\Sem1\POO\Etapa1_POO\.\src\Pages\Logout.java:14:40: Array brackets at illegal position. [ArrayTypeStyle]
[ERROR] S:\Facultate\Anul 2\Sem1\POO\Etapa1_POO\.\src\Pages\Logout.java:16:5: Class 'Logout' looks like designed for extension (can be subclassed), but the method 'canDoAction' does not have javadoc that explains how to do that safely. If class is not designed for extension consider making the class 'Logout' final or making the method 'canDoAction' static/final/abstract/empty, or adding allowed annotation for the method. [DesignForExtension]
[ERROR] S:\Facultate\Anul 2\Sem1\POO\Etapa1_POO\.\src\Pages\Logout.java:16:5: Missing a Javadoc comment. [MissingJavadocMethod]
[ERROR] S:\Facultate\Anul 2\Sem1\POO\Etapa1_POO\.\src\Pages\Logout.java:16:32: Parameter action should be final. [FinalParameters]
[ERROR] S:\Facultate\Anul 2\Sem1\POO\Etapa1_POO\.\src\Pages\Logout.java:20:5: Class 'Logout' looks like designed for extension (can be subclassed), but the method 'canGoThere' does not have javadoc that explains how to do that safely. If class is not designed for extension consider making the class 'Logout' final or making the method 'canGoThere' static/final/abstract/empty, or adding allowed annotation for the method. [DesignForExtension]
[ERROR] S:\Facultate\Anul 2\Sem1\POO\Etapa1_POO\.\src\Pages\Logout.java:20:5: Missing a Javadoc comment. [MissingJavadocMethod]
[ERROR] S:\Facultate\Anul 2\Sem1\POO\Etapa1_POO\.\src\Pages\Logout.java:20:31: Parameter destination should be final. [FinalParameters]
[ERROR] S:\Facultate\Anul 2\Sem1\POO\Etapa1_POO\.\src\Pages\Logout.java:24: Line is longer than 100 characters (found 138). [LineLength]
[ERROR] S:\Facultate\Anul 2\Sem1\POO\Etapa1_POO\.\src\Pages\Logout.java:24:5: Class 'Logout' looks like designed for extension (can be subclassed), but the method 'acceptDestination' does not have javadoc that explains how to do that safely. If class is not designed for extension consider making the class 'Logout' final or making the method 'acceptDestination' static/final/abstract/empty, or adding allowed annotation for the method. [DesignForExtension]
[ERROR] S:\Facultate\Anul 2\Sem1\POO\Etapa1_POO\.\src\Pages\Logout.java:24:5: Missing a Javadoc comment. [MissingJavadocMethod]
[ERROR] S:\Facultate\Anul 2\Sem1\POO\Etapa1_POO\.\src\Pages\Logout.java:24:35: Parameter visitor should be final. [FinalParameters]
[ERROR] S:\Facultate\Anul 2\Sem1\POO\Etapa1_POO\.\src\Pages\Logout.java:24:63: Parameter dataBase should be final. [FinalParameters]
[ERROR] S:\Facultate\Anul 2\Sem1\POO\Etapa1_POO\.\src\Pages\Logout.java:24:82: Parameter currentPage should be final. [FinalParameters]
[ERROR] S:\Facultate\Anul 2\Sem1\POO\Etapa1_POO\.\src\Pages\Logout.java:24:100: Parameter Destination should be final. [FinalParameters]
[ERROR] S:\Facultate\Anul 2\Sem1\POO\Etapa1_POO\.\src\Pages\Logout.java:24:107: Name 'Destination' must match pattern '^[a-z][a-zA-Z0-9]*$'. [ParameterName]
[ERROR] S:\Facultate\Anul 2\Sem1\POO\Etapa1_POO\.\src\Pages\Logout.java:24:120: Parameter output should be final. [FinalParameters]
[ERROR] S:\Facultate\Anul 2\Sem1\POO\Etapa1_POO\.\src\Pages\Logout.java:28: Line is longer than 100 characters (found 123). [LineLength]
[ERROR] S:\Facultate\Anul 2\Sem1\POO\Etapa1_POO\.\src\Pages\Logout.java:28:5: Class 'Logout' looks like designed for extension (can be subclassed), but the method 'acceptAction' does not have javadoc that explains how to do that safely. If class is not designed for extension consider making the class 'Logout' final or making the method 'acceptAction' static/final/abstract/empty, or adding allowed annotation for the method. [DesignForExtension]
[ERROR] S:\Facultate\Anul 2\Sem1\POO\Etapa1_POO\.\src\Pages\Logout.java:28:5: Missing a Javadoc comment. [MissingJavadocMethod]
[ERROR] S:\Facultate\Anul 2\Sem1\POO\Etapa1_POO\.\src\Pages\Logout.java:28:30: Parameter visitor should be final. [FinalParameters]
[ERROR] S:\Facultate\Anul 2\Sem1\POO\Etapa1_POO\.\src\Pages\Logout.java:28:53: Parameter dataBase should be final. [FinalParameters]
[ERROR] S:\Facultate\Anul 2\Sem1\POO\Etapa1_POO\.\src\Pages\Logout.java:28:72: Parameter currentPage should be final. [FinalParameters]
[ERROR] S:\Facultate\Anul 2\Sem1\POO\Etapa1_POO\.\src\Pages\Logout.java:28:90: Parameter action should be final. [FinalParameters]
[ERROR] S:\Facultate\Anul 2\Sem1\POO\Etapa1_POO\.\src\Pages\Logout.java:28:105: Parameter output should be final. [FinalParameters]
[ERROR] S:\Facultate\Anul 2\Sem1\POO\Etapa1_POO\.\src\Pages\Logout.java:32:5: Class 'Logout' looks like designed for extension (can be subclassed), but the method 'getName' does not have javadoc that explains how to do that safely. If class is not designed for extension consider making the class 'Logout' final or making the method 'getName' static/final/abstract/empty, or adding allowed annotation for the method. [DesignForExtension]
[ERROR] S:\Facultate\Anul 2\Sem1\POO\Etapa1_POO\.\src\Pages\Page.java:1:9: Name 'Pages' must match pattern '^[a-z]+(\.[a-zA-Z_][a-zA-Z0-9_]*)*$'. [PackageName]
[ERROR] S:\Facultate\Anul 2\Sem1\POO\Etapa1_POO\.\src\Pages\Page.java:9:8: Unused import - java.util.Arrays. [UnusedImports]
[ERROR] S:\Facultate\Anul 2\Sem1\POO\Etapa1_POO\.\src\Pages\Page.java:15:5: Class 'Page' looks like designed for extension (can be subclassed), but the method 'isAuth' does not have javadoc that explains how to do that safely. If class is not designed for extension consider making the class 'Page' final or making the method 'isAuth' static/final/abstract/empty, or adding allowed annotation for the method. [DesignForExtension]
[ERROR] S:\Facultate\Anul 2\Sem1\POO\Etapa1_POO\.\src\Pages\Page.java:19: Line is longer than 100 characters (found 123). [LineLength]
[ERROR] S:\Facultate\Anul 2\Sem1\POO\Etapa1_POO\.\src\Pages\Page.java:19:5: Class 'Page' looks like designed for extension (can be subclassed), but the method 'acceptAction' does not have javadoc that explains how to do that safely. If class is not designed for extension consider making the class 'Page' final or making the method 'acceptAction' static/final/abstract/empty, or adding allowed annotation for the method. [DesignForExtension]
[ERROR] S:\Facultate\Anul 2\Sem1\POO\Etapa1_POO\.\src\Pages\Page.java:19:5: Missing a Javadoc comment. [MissingJavadocMethod]
[ERROR] S:\Facultate\Anul 2\Sem1\POO\Etapa1_POO\.\src\Pages\Page.java:19:30: Parameter visitor should be final. [FinalParameters]
[ERROR] S:\Facultate\Anul 2\Sem1\POO\Etapa1_POO\.\src\Pages\Page.java:19:53: Parameter dataBase should be final. [FinalParameters]
[ERROR] S:\Facultate\Anul 2\Sem1\POO\Etapa1_POO\.\src\Pages\Page.java:19:72: Parameter currentPage should be final. [FinalParameters]
[ERROR] S:\Facultate\Anul 2\Sem1\POO\Etapa1_POO\.\src\Pages\Page.java:19:90: Parameter action should be final. [FinalParameters]
[ERROR] S:\Facultate\Anul 2\Sem1\POO\Etapa1_POO\.\src\Pages\Page.java:19:105: Parameter output should be final. [FinalParameters]
[ERROR] S:\Facultate\Anul 2\Sem1\POO\Etapa1_POO\.\src\Pages\Page.java:23: Line is longer than 100 characters (found 138). [LineLength]
[ERROR] S:\Facultate\Anul 2\Sem1\POO\Etapa1_POO\.\src\Pages\Page.java:23:5: Class 'Page' looks like designed for extension (can be subclassed), but the method 'acceptDestination' does not have javadoc that explains how to do that safely. If class is not designed for extension consider making the class 'Page' final or making the method 'acceptDestination' static/final/abstract/empty, or adding allowed annotation for the method. [DesignForExtension]
[ERROR] S:\Facultate\Anul 2\Sem1\POO\Etapa1_POO\.\src\Pages\Page.java:23:5: Missing a Javadoc comment. [MissingJavadocMethod]
[ERROR] S:\Facultate\Anul 2\Sem1\POO\Etapa1_POO\.\src\Pages\Page.java:23:35: Parameter visitor should be final. [FinalParameters]
[ERROR] S:\Facultate\Anul 2\Sem1\POO\Etapa1_POO\.\src\Pages\Page.java:23:63: Parameter dataBase should be final. [FinalParameters]
[ERROR] S:\Facultate\Anul 2\Sem1\POO\Etapa1_POO\.\src\Pages\Page.java:23:82: Parameter currentPage should be final. [FinalParameters]
[ERROR] S:\Facultate\Anul 2\Sem1\POO\Etapa1_POO\.\src\Pages\Page.java:23:100: Parameter Destination should be final. [FinalParameters]
[ERROR] S:\Facultate\Anul 2\Sem1\POO\Etapa1_POO\.\src\Pages\Page.java:23:107: Name 'Destination' must match pattern '^[a-z][a-zA-Z0-9]*$'. [ParameterName]
[ERROR] S:\Facultate\Anul 2\Sem1\POO\Etapa1_POO\.\src\Pages\Page.java:23:120: Parameter output should be final. [FinalParameters]
[ERROR] S:\Facultate\Anul 2\Sem1\POO\Etapa1_POO\.\src\Pages\Page.java:27:5: Class 'Page' looks like designed for extension (can be subclassed), but the method 'setAuth' does not have javadoc that explains how to do that safely. If class is not designed for extension consider making the class 'Page' final or making the method 'setAuth' static/final/abstract/empty, or adding allowed annotation for the method. [DesignForExtension]
[ERROR] S:\Facultate\Anul 2\Sem1\POO\Etapa1_POO\.\src\Pages\Page.java:27:25: Parameter auth should be final. [FinalParameters]
[ERROR] S:\Facultate\Anul 2\Sem1\POO\Etapa1_POO\.\src\Pages\Page.java:31:5: Class 'Page' looks like designed for extension (can be subclassed), but the method 'getName' does not have javadoc that explains how to do that safely. If class is not designed for extension consider making the class 'Page' final or making the method 'getName' static/final/abstract/empty, or adding allowed annotation for the method. [DesignForExtension]
[ERROR] S:\Facultate\Anul 2\Sem1\POO\Etapa1_POO\.\src\Pages\Page.java:35:5: Class 'Page' looks like designed for extension (can be subclassed), but the method 'setName' does not have javadoc that explains how to do that safely. If class is not designed for extension consider making the class 'Page' final or making the method 'setName' static/final/abstract/empty, or adding allowed annotation for the method. [DesignForExtension]
[ERROR] S:\Facultate\Anul 2\Sem1\POO\Etapa1_POO\.\src\Pages\Page.java:35:25: Parameter name should be final. [FinalParameters]
[ERROR] S:\Facultate\Anul 2\Sem1\POO\Etapa1_POO\.\src\Pages\Register.java:1:9: Name 'Pages' must match pattern '^[a-z]+(\.[a-zA-Z_][a-zA-Z0-9_]*)*$'. [PackageName]
[ERROR] S:\Facultate\Anul 2\Sem1\POO\Etapa1_POO\.\src\Pages\Register.java:12:19: 'static' modifier out of order with the JLS suggestions. [ModifierOrder]
[ERROR] S:\Facultate\Anul 2\Sem1\POO\Etapa1_POO\.\src\Pages\Register.java:12:33: Name 'name' must match pattern '^[A-Z][A-Z0-9]*(_[A-Z0-9]+)*$'. [ConstantName]
[ERROR] S:\Facultate\Anul 2\Sem1\POO\Etapa1_POO\.\src\Pages\Register.java:13:19: 'static' modifier out of order with the JLS suggestions. [ModifierOrder]
[ERROR] S:\Facultate\Anul 2\Sem1\POO\Etapa1_POO\.\src\Pages\Register.java:13:33: Name 'destinations' must match pattern '^[A-Z][A-Z0-9]*(_[A-Z0-9]+)*$'. [ConstantName]
[ERROR] S:\Facultate\Anul 2\Sem1\POO\Etapa1_POO\.\src\Pages\Register.java:13:45: Array brackets at illegal position. [ArrayTypeStyle]
[ERROR] S:\Facultate\Anul 2\Sem1\POO\Etapa1_POO\.\src\Pages\Register.java:14:19: 'static' modifier out of order with the JLS suggestions. [ModifierOrder]
[ERROR] S:\Facultate\Anul 2\Sem1\POO\Etapa1_POO\.\src\Pages\Register.java:14:33: Name 'actions' must match pattern '^[A-Z][A-Z0-9]*(_[A-Z0-9]+)*$'. [ConstantName]
[ERROR] S:\Facultate\Anul 2\Sem1\POO\Etapa1_POO\.\src\Pages\Register.java:14:40: Array brackets at illegal position. [ArrayTypeStyle]
[ERROR] S:\Facultate\Anul 2\Sem1\POO\Etapa1_POO\.\src\Pages\Register.java:16:5: Class 'Register' looks like designed for extension (can be subclassed), but the method 'canDoAction' does not have javadoc that explains how to do that safely. If class is not designed for extension consider making the class 'Register' final or making the method 'canDoAction' static/final/abstract/empty, or adding allowed annotation for the method. [DesignForExtension]
[ERROR] S:\Facultate\Anul 2\Sem1\POO\Etapa1_POO\.\src\Pages\Register.java:16:5: Missing a Javadoc comment. [MissingJavadocMethod]
[ERROR] S:\Facultate\Anul 2\Sem1\POO\Etapa1_POO\.\src\Pages\Register.java:16:32: Parameter action should be final. [FinalParameters]
[ERROR] S:\Facultate\Anul 2\Sem1\POO\Etapa1_POO\.\src\Pages\Register.java:20:5: Class 'Register' looks like designed for extension (can be subclassed), but the method 'canGoThere' does not have javadoc that explains how to do that safely. If class is not designed for extension consider making the class 'Register' final or making the method 'canGoThere' static/final/abstract/empty, or adding allowed annotation for the method. [DesignForExtension]
[ERROR] S:\Facultate\Anul 2\Sem1\POO\Etapa1_POO\.\src\Pages\Register.java:20:5: Missing a Javadoc comment. [MissingJavadocMethod]
[ERROR] S:\Facultate\Anul 2\Sem1\POO\Etapa1_POO\.\src\Pages\Register.java:20:31: Parameter destination should be final. [FinalParameters]
[ERROR] S:\Facultate\Anul 2\Sem1\POO\Etapa1_POO\.\src\Pages\Register.java:24: Line is longer than 100 characters (found 138). [LineLength]
[ERROR] S:\Facultate\Anul 2\Sem1\POO\Etapa1_POO\.\src\Pages\Register.java:24:5: Class 'Register' looks like designed for extension (can be subclassed), but the method 'acceptDestination' does not have javadoc that explains how to do that safely. If class is not designed for extension consider making the class 'Register' final or making the method 'acceptDestination' static/final/abstract/empty, or adding allowed annotation for the method. [DesignForExtension]
[ERROR] S:\Facultate\Anul 2\Sem1\POO\Etapa1_POO\.\src\Pages\Register.java:24:5: Missing a Javadoc comment. [MissingJavadocMethod]
[ERROR] S:\Facultate\Anul 2\Sem1\POO\Etapa1_POO\.\src\Pages\Register.java:24:35: Parameter visitor should be final. [FinalParameters]
[ERROR] S:\Facultate\Anul 2\Sem1\POO\Etapa1_POO\.\src\Pages\Register.java:24:63: Parameter dataBase should be final. [FinalParameters]
[ERROR] S:\Facultate\Anul 2\Sem1\POO\Etapa1_POO\.\src\Pages\Register.java:24:82: Parameter currentPage should be final. [FinalParameters]
[ERROR] S:\Facultate\Anul 2\Sem1\POO\Etapa1_POO\.\src\Pages\Register.java:24:100: Parameter Destination should be final. [FinalParameters]
[ERROR] S:\Facultate\Anul 2\Sem1\POO\Etapa1_POO\.\src\Pages\Register.java:24:107: Name 'Destination' must match pattern '^[a-z][a-zA-Z0-9]*$'. [ParameterName]
[ERROR] S:\Facultate\Anul 2\Sem1\POO\Etapa1_POO\.\src\Pages\Register.java:24:120: Parameter output should be final. [FinalParameters]
[ERROR] S:\Facultate\Anul 2\Sem1\POO\Etapa1_POO\.\src\Pages\Register.java:28: Line is longer than 100 characters (found 123). [LineLength]
[ERROR] S:\Facultate\Anul 2\Sem1\POO\Etapa1_POO\.\src\Pages\Register.java:28:5: Class 'Register' looks like designed for extension (can be subclassed), but the method 'acceptAction' does not have javadoc that explains how to do that safely. If class is not designed for extension consider making the class 'Register' final or making the method 'acceptAction' static/final/abstract/empty, or adding allowed annotation for the method. [DesignForExtension]
[ERROR] S:\Facultate\Anul 2\Sem1\POO\Etapa1_POO\.\src\Pages\Register.java:28:5: Missing a Javadoc comment. [MissingJavadocMethod]
[ERROR] S:\Facultate\Anul 2\Sem1\POO\Etapa1_POO\.\src\Pages\Register.java:28:30: Parameter visitor should be final. [FinalParameters]
[ERROR] S:\Facultate\Anul 2\Sem1\POO\Etapa1_POO\.\src\Pages\Register.java:28:53: Parameter dataBase should be final. [FinalParameters]
[ERROR] S:\Facultate\Anul 2\Sem1\POO\Etapa1_POO\.\src\Pages\Register.java:28:72: Parameter currentPage should be final. [FinalParameters]
[ERROR] S:\Facultate\Anul 2\Sem1\POO\Etapa1_POO\.\src\Pages\Register.java:28:90: Parameter action should be final. [FinalParameters]
[ERROR] S:\Facultate\Anul 2\Sem1\POO\Etapa1_POO\.\src\Pages\Register.java:28:105: Parameter output should be final. [FinalParameters]
[ERROR] S:\Facultate\Anul 2\Sem1\POO\Etapa1_POO\.\src\Pages\Register.java:32:5: Class 'Register' looks like designed for extension (can be subclassed), but the method 'getName' does not have javadoc that explains how to do that safely. If class is not designed for extension consider making the class 'Register' final or making the method 'getName' static/final/abstract/empty, or adding allowed annotation for the method. [DesignForExtension]
[ERROR] S:\Facultate\Anul 2\Sem1\POO\Etapa1_POO\.\src\Pages\Register.java:37:5: Class 'Register' looks like designed for extension (can be subclassed), but the method 'getDestinations' does not have javadoc that explains how to do that safely. If class is not designed for extension consider making the class 'Register' final or making the method 'getDestinations' static/final/abstract/empty, or adding allowed annotation for the method. [DesignForExtension]
[ERROR] S:\Facultate\Anul 2\Sem1\POO\Etapa1_POO\.\src\Pages\Register.java:41:5: Class 'Register' looks like designed for extension (can be subclassed), but the method 'getActions' does not have javadoc that explains how to do that safely. If class is not designed for extension consider making the class 'Register' final or making the method 'getActions' static/final/abstract/empty, or adding allowed annotation for the method. [DesignForExtension]
[ERROR] S:\Facultate\Anul 2\Sem1\POO\Etapa1_POO\.\src\Pages\Start.java:1:9: Name 'Pages' must match pattern '^[a-z]+(\.[a-zA-Z_][a-zA-Z0-9_]*)*$'. [PackageName]
[ERROR] S:\Facultate\Anul 2\Sem1\POO\Etapa1_POO\.\src\Pages\Start.java:12:19: 'static' modifier out of order with the JLS suggestions. [ModifierOrder]
[ERROR] S:\Facultate\Anul 2\Sem1\POO\Etapa1_POO\.\src\Pages\Start.java:12:33: Name 'name' must match pattern '^[A-Z][A-Z0-9]*(_[A-Z0-9]+)*$'. [ConstantName]
[ERROR] S:\Facultate\Anul 2\Sem1\POO\Etapa1_POO\.\src\Pages\Start.java:13:19: 'static' modifier out of order with the JLS suggestions. [ModifierOrder]
[ERROR] S:\Facultate\Anul 2\Sem1\POO\Etapa1_POO\.\src\Pages\Start.java:13:33: Name 'destinations' must match pattern '^[A-Z][A-Z0-9]*(_[A-Z0-9]+)*$'. [ConstantName]
[ERROR] S:\Facultate\Anul 2\Sem1\POO\Etapa1_POO\.\src\Pages\Start.java:13:45: Array brackets at illegal position. [ArrayTypeStyle]
[ERROR] S:\Facultate\Anul 2\Sem1\POO\Etapa1_POO\.\src\Pages\Start.java:14:19: 'static' modifier out of order with the JLS suggestions. [ModifierOrder]
[ERROR] S:\Facultate\Anul 2\Sem1\POO\Etapa1_POO\.\src\Pages\Start.java:14:33: Name 'actions' must match pattern '^[A-Z][A-Z0-9]*(_[A-Z0-9]+)*$'. [ConstantName]
[ERROR] S:\Facultate\Anul 2\Sem1\POO\Etapa1_POO\.\src\Pages\Start.java:14:40: Array brackets at illegal position. [ArrayTypeStyle]
[ERROR] S:\Facultate\Anul 2\Sem1\POO\Etapa1_POO\.\src\Pages\Start.java:16:5: Class 'Start' looks like designed for extension (can be subclassed), but the method 'canDoAction' does not have javadoc that explains how to do that safely. If class is not designed for extension consider making the class 'Start' final or making the method 'canDoAction' static/final/abstract/empty, or adding allowed annotation for the method. [DesignForExtension]
[ERROR] S:\Facultate\Anul 2\Sem1\POO\Etapa1_POO\.\src\Pages\Start.java:16:5: Missing a Javadoc comment. [MissingJavadocMethod]
[ERROR] S:\Facultate\Anul 2\Sem1\POO\Etapa1_POO\.\src\Pages\Start.java:16:32: Parameter action should be final. [FinalParameters]
[ERROR] S:\Facultate\Anul 2\Sem1\POO\Etapa1_POO\.\src\Pages\Start.java:20:5: Class 'Start' looks like designed for extension (can be subclassed), but the method 'canGoThere' does not have javadoc that explains how to do that safely. If class is not designed for extension consider making the class 'Start' final or making the method 'canGoThere' static/final/abstract/empty, or adding allowed annotation for the method. [DesignForExtension]
[ERROR] S:\Facultate\Anul 2\Sem1\POO\Etapa1_POO\.\src\Pages\Start.java:20:5: Missing a Javadoc comment. [MissingJavadocMethod]
[ERROR] S:\Facultate\Anul 2\Sem1\POO\Etapa1_POO\.\src\Pages\Start.java:20:31: Parameter destination should be final. [FinalParameters]
[ERROR] S:\Facultate\Anul 2\Sem1\POO\Etapa1_POO\.\src\Pages\Start.java:23: Line is longer than 100 characters (found 138). [LineLength]
[ERROR] S:\Facultate\Anul 2\Sem1\POO\Etapa1_POO\.\src\Pages\Start.java:23:5: Class 'Start' looks like designed for extension (can be subclassed), but the method 'acceptDestination' does not have javadoc that explains how to do that safely. If class is not designed for extension consider making the class 'Start' final or making the method 'acceptDestination' static/final/abstract/empty, or adding allowed annotation for the method. [DesignForExtension]
[ERROR] S:\Facultate\Anul 2\Sem1\POO\Etapa1_POO\.\src\Pages\Start.java:23:5: Missing a Javadoc comment. [MissingJavadocMethod]
[ERROR] S:\Facultate\Anul 2\Sem1\POO\Etapa1_POO\.\src\Pages\Start.java:23:35: Parameter visitor should be final. [FinalParameters]
[ERROR] S:\Facultate\Anul 2\Sem1\POO\Etapa1_POO\.\src\Pages\Start.java:23:63: Parameter dataBase should be final. [FinalParameters]
[ERROR] S:\Facultate\Anul 2\Sem1\POO\Etapa1_POO\.\src\Pages\Start.java:23:82: Parameter currentPage should be final. [FinalParameters]
[ERROR] S:\Facultate\Anul 2\Sem1\POO\Etapa1_POO\.\src\Pages\Start.java:23:100: Parameter Destination should be final. [FinalParameters]
[ERROR] S:\Facultate\Anul 2\Sem1\POO\Etapa1_POO\.\src\Pages\Start.java:23:107: Name 'Destination' must match pattern '^[a-z][a-zA-Z0-9]*$'. [ParameterName]
[ERROR] S:\Facultate\Anul 2\Sem1\POO\Etapa1_POO\.\src\Pages\Start.java:23:120: Parameter output should be final. [FinalParameters]
[ERROR] S:\Facultate\Anul 2\Sem1\POO\Etapa1_POO\.\src\Pages\Start.java:27: Line is longer than 100 characters (found 123). [LineLength]
[ERROR] S:\Facultate\Anul 2\Sem1\POO\Etapa1_POO\.\src\Pages\Start.java:27:5: Class 'Start' looks like designed for extension (can be subclassed), but the method 'acceptAction' does not have javadoc that explains how to do that safely. If class is not designed for extension consider making the class 'Start' final or making the method 'acceptAction' static/final/abstract/empty, or adding allowed annotation for the method. [DesignForExtension]
[ERROR] S:\Facultate\Anul 2\Sem1\POO\Etapa1_POO\.\src\Pages\Start.java:27:5: Missing a Javadoc comment. [MissingJavadocMethod]
[ERROR] S:\Facultate\Anul 2\Sem1\POO\Etapa1_POO\.\src\Pages\Start.java:27:30: Parameter visitor should be final. [FinalParameters]
[ERROR] S:\Facultate\Anul 2\Sem1\POO\Etapa1_POO\.\src\Pages\Start.java:27:53: Parameter dataBase should be final. [FinalParameters]
[ERROR] S:\Facultate\Anul 2\Sem1\POO\Etapa1_POO\.\src\Pages\Start.java:27:72: Parameter currentPage should be final. [FinalParameters]
[ERROR] S:\Facultate\Anul 2\Sem1\POO\Etapa1_POO\.\src\Pages\Start.java:27:90: Parameter action should be final. [FinalParameters]
[ERROR] S:\Facultate\Anul 2\Sem1\POO\Etapa1_POO\.\src\Pages\Start.java:27:105: Parameter output should be final. [FinalParameters]
[ERROR] S:\Facultate\Anul 2\Sem1\POO\Etapa1_POO\.\src\Pages\Start.java:31:5: Class 'Start' looks like designed for extension (can be subclassed), but the method 'getName' does not have javadoc that explains how to do that safely. If class is not designed for extension consider making the class 'Start' final or making the method 'getName' static/final/abstract/empty, or adding allowed annotation for the method. [DesignForExtension]
[ERROR] S:\Facultate\Anul 2\Sem1\POO\Etapa1_POO\.\src\Pages\Start.java:35:5: Class 'Start' looks like designed for extension (can be subclassed), but the method 'getDestinations' does not have javadoc that explains how to do that safely. If class is not designed for extension consider making the class 'Start' final or making the method 'getDestinations' static/final/abstract/empty, or adding allowed annotation for the method. [DesignForExtension]
[ERROR] S:\Facultate\Anul 2\Sem1\POO\Etapa1_POO\.\src\Pages\Start.java:39:5: Class 'Start' looks like designed for extension (can be subclassed), but the method 'getActions' does not have javadoc that explains how to do that safely. If class is not designed for extension consider making the class 'Start' final or making the method 'getActions' static/final/abstract/empty, or adding allowed annotation for the method. [DesignForExtension]
[ERROR] S:\Facultate\Anul 2\Sem1\POO\Etapa1_POO\.\src\PageVisitor\VisitorAction.java:1:9: Name 'PageVisitor' must match pattern '^[a-z]+(\.[a-zA-Z_][a-zA-Z0-9_]*)*$'. [PackageName]
[ERROR] S:\Facultate\Anul 2\Sem1\POO\Etapa1_POO\.\src\PageVisitor\VisitorAction.java:4:13: Using the '.*' form of import should be avoided - Pages.*. [AvoidStarImport]
[ERROR] S:\Facultate\Anul 2\Sem1\POO\Etapa1_POO\.\src\PageVisitor\VisitorAction.java:11:5: Missing a Javadoc comment. [MissingJavadocMethod]
[ERROR] S:\Facultate\Anul 2\Sem1\POO\Etapa1_POO\.\src\PageVisitor\VisitorAction.java:12:5: Missing a Javadoc comment. [MissingJavadocMethod]
[ERROR] S:\Facultate\Anul 2\Sem1\POO\Etapa1_POO\.\src\PageVisitor\VisitorAction.java:12:16: '(' is preceded with whitespace. [MethodParamPad]
[ERROR] S:\Facultate\Anul 2\Sem1\POO\Etapa1_POO\.\src\PageVisitor\VisitorAction.java:13:5: Missing a Javadoc comment. [MissingJavadocMethod]
[ERROR] S:\Facultate\Anul 2\Sem1\POO\Etapa1_POO\.\src\PageVisitor\VisitorAction.java:13:16: '(' is preceded with whitespace. [MethodParamPad]
[ERROR] S:\Facultate\Anul 2\Sem1\POO\Etapa1_POO\.\src\PageVisitor\VisitorAction.java:14: Line is longer than 100 characters (found 101). [LineLength]
[ERROR] S:\Facultate\Anul 2\Sem1\POO\Etapa1_POO\.\src\PageVisitor\VisitorAction.java:14:5: Missing a Javadoc comment. [MissingJavadocMethod]
[ERROR] S:\Facultate\Anul 2\Sem1\POO\Etapa1_POO\.\src\PageVisitor\VisitorAction.java:14:16: '(' is preceded with whitespace. [MethodParamPad]
[ERROR] S:\Facultate\Anul 2\Sem1\POO\Etapa1_POO\.\src\PageVisitor\VisitorAction.java:15: Line is longer than 100 characters (found 105). [LineLength]
[ERROR] S:\Facultate\Anul 2\Sem1\POO\Etapa1_POO\.\src\PageVisitor\VisitorAction.java:15:5: Missing a Javadoc comment. [MissingJavadocMethod]
[ERROR] S:\Facultate\Anul 2\Sem1\POO\Etapa1_POO\.\src\PageVisitor\VisitorAction.java:15:16: '(' is preceded with whitespace. [MethodParamPad]
[ERROR] S:\Facultate\Anul 2\Sem1\POO\Etapa1_POO\.\src\PageVisitor\VisitorDestination.java:1:9: Name 'PageVisitor' must match pattern '^[a-z]+(\.[a-zA-Z_][a-zA-Z0-9_]*)*$'. [PackageName]
[ERROR] S:\Facultate\Anul 2\Sem1\POO\Etapa1_POO\.\src\PageVisitor\VisitorDestination.java:4:13: Using the '.*' form of import should be avoided - Pages.*. [AvoidStarImport]
[ERROR] S:\Facultate\Anul 2\Sem1\POO\Etapa1_POO\.\src\PageVisitor\VisitorDestination.java:9: Line is longer than 100 characters (found 101). [LineLength]
[ERROR] S:\Facultate\Anul 2\Sem1\POO\Etapa1_POO\.\src\PageVisitor\VisitorDestination.java:9:5: Missing a Javadoc comment. [MissingJavadocMethod]
[ERROR] S:\Facultate\Anul 2\Sem1\POO\Etapa1_POO\.\src\PageVisitor\VisitorDestination.java:9:71: Name 'Destination' must match pattern '^[a-z][a-zA-Z0-9]*$'. [ParameterName]
[ERROR] S:\Facultate\Anul 2\Sem1\POO\Etapa1_POO\.\src\PageVisitor\VisitorDestination.java:10: Line is longer than 100 characters (found 104). [LineLength]
[ERROR] S:\Facultate\Anul 2\Sem1\POO\Etapa1_POO\.\src\PageVisitor\VisitorDestination.java:10:5: Missing a Javadoc comment. [MissingJavadocMethod]
[ERROR] S:\Facultate\Anul 2\Sem1\POO\Etapa1_POO\.\src\PageVisitor\VisitorDestination.java:10:16: '(' is preceded with whitespace. [MethodParamPad]
[ERROR] S:\Facultate\Anul 2\Sem1\POO\Etapa1_POO\.\src\PageVisitor\VisitorDestination.java:10:74: Name 'Destination' must match pattern '^[a-z][a-zA-Z0-9]*$'. [ParameterName]
[ERROR] S:\Facultate\Anul 2\Sem1\POO\Etapa1_POO\.\src\PageVisitor\VisitorDestination.java:11: Line is longer than 100 characters (found 104). [LineLength]
[ERROR] S:\Facultate\Anul 2\Sem1\POO\Etapa1_POO\.\src\PageVisitor\VisitorDestination.java:11:5: Missing a Javadoc comment. [MissingJavadocMethod]
[ERROR] S:\Facultate\Anul 2\Sem1\POO\Etapa1_POO\.\src\PageVisitor\VisitorDestination.java:11:16: '(' is preceded with whitespace. [MethodParamPad]
[ERROR] S:\Facultate\Anul 2\Sem1\POO\Etapa1_POO\.\src\PageVisitor\VisitorDestination.java:11:74: Name 'Destination' must match pattern '^[a-z][a-zA-Z0-9]*$'. [ParameterName]
[ERROR] S:\Facultate\Anul 2\Sem1\POO\Etapa1_POO\.\src\PageVisitor\VisitorDestination.java:12: Line is longer than 100 characters (found 106). [LineLength]
[ERROR] S:\Facultate\Anul 2\Sem1\POO\Etapa1_POO\.\src\PageVisitor\VisitorDestination.java:12:5: Missing a Javadoc comment. [MissingJavadocMethod]
[ERROR] S:\Facultate\Anul 2\Sem1\POO\Etapa1_POO\.\src\PageVisitor\VisitorDestination.java:12:16: '(' is preceded with whitespace. [MethodParamPad]
[ERROR] S:\Facultate\Anul 2\Sem1\POO\Etapa1_POO\.\src\PageVisitor\VisitorDestination.java:12:76: Name 'Destination' must match pattern '^[a-z][a-zA-Z0-9]*$'. [ParameterName]
[ERROR] S:\Facultate\Anul 2\Sem1\POO\Etapa1_POO\.\src\PageVisitor\VisitorDestination.java:13: Line is longer than 100 characters (found 110). [LineLength]
[ERROR] S:\Facultate\Anul 2\Sem1\POO\Etapa1_POO\.\src\PageVisitor\VisitorDestination.java:13:5: Missing a Javadoc comment. [MissingJavadocMethod]
[ERROR] S:\Facultate\Anul 2\Sem1\POO\Etapa1_POO\.\src\PageVisitor\VisitorDestination.java:13:16: '(' is preceded with whitespace. [MethodParamPad]
[ERROR] S:\Facultate\Anul 2\Sem1\POO\Etapa1_POO\.\src\PageVisitor\VisitorDestination.java:13:80: Name 'Destination' must match pattern '^[a-z][a-zA-Z0-9]*$'. [ParameterName]
[ERROR] S:\Facultate\Anul 2\Sem1\POO\Etapa1_POO\.\src\PageVisitor\VisitPageDestination.java:1:9: Name 'PageVisitor' must match pattern '^[a-z]+(\.[a-zA-Z_][a-zA-Z0-9_]*)*$'. [PackageName]
[ERROR] S:\Facultate\Anul 2\Sem1\POO\Etapa1_POO\.\src\PageVisitor\VisitPageDestination.java:6:13: Using the '.*' form of import should be avoided - Pages.*. [AvoidStarImport]
[ERROR] S:\Facultate\Anul 2\Sem1\POO\Etapa1_POO\.\src\PageVisitor\VisitPageDestination.java:11:64: '{' is not preceded with whitespace. [WhitespaceAround]
[ERROR] S:\Facultate\Anul 2\Sem1\POO\Etapa1_POO\.\src\PageVisitor\VisitPageDestination.java:13: Line is longer than 100 characters (found 109). [LineLength]
[ERROR] S:\Facultate\Anul 2\Sem1\POO\Etapa1_POO\.\src\PageVisitor\VisitPageDestination.java:13:23: Parameter page should be final. [FinalParameters]
[ERROR] S:\Facultate\Anul 2\Sem1\POO\Etapa1_POO\.\src\PageVisitor\VisitPageDestination.java:13:34: Parameter dataBase should be final. [FinalParameters]
[ERROR] S:\Facultate\Anul 2\Sem1\POO\Etapa1_POO\.\src\PageVisitor\VisitPageDestination.java:13:53: Parameter currentPage should be final. [FinalParameters]
[ERROR] S:\Facultate\Anul 2\Sem1\POO\Etapa1_POO\.\src\PageVisitor\VisitPageDestination.java:13:71: Parameter Destination should be final. [FinalParameters]
[ERROR] S:\Facultate\Anul 2\Sem1\POO\Etapa1_POO\.\src\PageVisitor\VisitPageDestination.java:13:78: Name 'Destination' must match pattern '^[a-z][a-zA-Z0-9]*$'. [ParameterName]
[ERROR] S:\Facultate\Anul 2\Sem1\POO\Etapa1_POO\.\src\PageVisitor\VisitPageDestination.java:13:91: Parameter output should be final. [FinalParameters]
[ERROR] S:\Facultate\Anul 2\Sem1\POO\Etapa1_POO\.\src\PageVisitor\VisitPageDestination.java:17:5: Class 'VisitPageDestination' looks like designed for extension (can be subclassed), but the method 'visit' does not have javadoc that explains how to do that safely. If class is not designed for extension consider making the class 'VisitPageDestination' final or making the method 'visit' static/final/abstract/empty, or adding allowed annotation for the method. [DesignForExtension]
[ERROR] S:\Facultate\Anul 2\Sem1\POO\Etapa1_POO\.\src\PageVisitor\VisitPageDestination.java:18: Line is longer than 100 characters (found 111). [LineLength]
[ERROR] S:\Facultate\Anul 2\Sem1\POO\Etapa1_POO\.\src\PageVisitor\VisitPageDestination.java:18:23: Parameter start should be final. [FinalParameters]
[ERROR] S:\Facultate\Anul 2\Sem1\POO\Etapa1_POO\.\src\PageVisitor\VisitPageDestination.java:18:36: Parameter dataBase should be final. [FinalParameters]
[ERROR] S:\Facultate\Anul 2\Sem1\POO\Etapa1_POO\.\src\PageVisitor\VisitPageDestination.java:18:55: Parameter currentPage should be final. [FinalParameters]
[ERROR] S:\Facultate\Anul 2\Sem1\POO\Etapa1_POO\.\src\PageVisitor\VisitPageDestination.java:18:73: Parameter Destination should be final. [FinalParameters]
[ERROR] S:\Facultate\Anul 2\Sem1\POO\Etapa1_POO\.\src\PageVisitor\VisitPageDestination.java:18:80: Name 'Destination' must match pattern '^[a-z][a-zA-Z0-9]*$'. [ParameterName]
[ERROR] S:\Facultate\Anul 2\Sem1\POO\Etapa1_POO\.\src\PageVisitor\VisitPageDestination.java:18:93: Parameter output should be final. [FinalParameters]
[ERROR] S:\Facultate\Anul 2\Sem1\POO\Etapa1_POO\.\src\PageVisitor\VisitPageDestination.java:19:9: 'if' is not followed by whitespace. [WhitespaceAfter]
[ERROR] S:\Facultate\Anul 2\Sem1\POO\Etapa1_POO\.\src\PageVisitor\VisitPageDestination.java:25:9: 'if' is not followed by whitespace. [WhitespaceAfter]
[ERROR] S:\Facultate\Anul 2\Sem1\POO\Etapa1_POO\.\src\PageVisitor\VisitPageDestination.java:32:5: Class 'VisitPageDestination' looks like designed for extension (can be subclassed), but the method 'visit' does not have javadoc that explains how to do that safely. If class is not designed for extension consider making the class 'VisitPageDestination' final or making the method 'visit' static/final/abstract/empty, or adding allowed annotation for the method. [DesignForExtension]
[ERROR] S:\Facultate\Anul 2\Sem1\POO\Etapa1_POO\.\src\PageVisitor\VisitPageDestination.java:33: Line is longer than 100 characters (found 111). [LineLength]
[ERROR] S:\Facultate\Anul 2\Sem1\POO\Etapa1_POO\.\src\PageVisitor\VisitPageDestination.java:33:23: Parameter login should be final. [FinalParameters]
[ERROR] S:\Facultate\Anul 2\Sem1\POO\Etapa1_POO\.\src\PageVisitor\VisitPageDestination.java:33:36: Parameter dataBase should be final. [FinalParameters]
[ERROR] S:\Facultate\Anul 2\Sem1\POO\Etapa1_POO\.\src\PageVisitor\VisitPageDestination.java:33:55: Parameter currentPage should be final. [FinalParameters]
[ERROR] S:\Facultate\Anul 2\Sem1\POO\Etapa1_POO\.\src\PageVisitor\VisitPageDestination.java:33:73: Parameter Destination should be final. [FinalParameters]
[ERROR] S:\Facultate\Anul 2\Sem1\POO\Etapa1_POO\.\src\PageVisitor\VisitPageDestination.java:33:80: Name 'Destination' must match pattern '^[a-z][a-zA-Z0-9]*$'. [ParameterName]
[ERROR] S:\Facultate\Anul 2\Sem1\POO\Etapa1_POO\.\src\PageVisitor\VisitPageDestination.java:33:93: Parameter output should be final. [FinalParameters]
[ERROR] S:\Facultate\Anul 2\Sem1\POO\Etapa1_POO\.\src\PageVisitor\VisitPageDestination.java:34:9: 'if' is not followed by whitespace. [WhitespaceAfter]
[ERROR] S:\Facultate\Anul 2\Sem1\POO\Etapa1_POO\.\src\PageVisitor\VisitPageDestination.java:44:5: Class 'VisitPageDestination' looks like designed for extension (can be subclassed), but the method 'visit' does not have javadoc that explains how to do that safely. If class is not designed for extension consider making the class 'VisitPageDestination' final or making the method 'visit' static/final/abstract/empty, or adding allowed annotation for the method. [DesignForExtension]
[ERROR] S:\Facultate\Anul 2\Sem1\POO\Etapa1_POO\.\src\PageVisitor\VisitPageDestination.java:45: Line is longer than 100 characters (found 113). [LineLength]
[ERROR] S:\Facultate\Anul 2\Sem1\POO\Etapa1_POO\.\src\PageVisitor\VisitPageDestination.java:45:23: Parameter logout should be final. [FinalParameters]
[ERROR] S:\Facultate\Anul 2\Sem1\POO\Etapa1_POO\.\src\PageVisitor\VisitPageDestination.java:45:38: Parameter dataBase should be final. [FinalParameters]
[ERROR] S:\Facultate\Anul 2\Sem1\POO\Etapa1_POO\.\src\PageVisitor\VisitPageDestination.java:45:57: Parameter currentPage should be final. [FinalParameters]
[ERROR] S:\Facultate\Anul 2\Sem1\POO\Etapa1_POO\.\src\PageVisitor\VisitPageDestination.java:45:75: Parameter Destination should be final. [FinalParameters]
[ERROR] S:\Facultate\Anul 2\Sem1\POO\Etapa1_POO\.\src\PageVisitor\VisitPageDestination.java:45:82: Name 'Destination' must match pattern '^[a-z][a-zA-Z0-9]*$'. [ParameterName]
[ERROR] S:\Facultate\Anul 2\Sem1\POO\Etapa1_POO\.\src\PageVisitor\VisitPageDestination.java:45:95: Parameter output should be final. [FinalParameters]
[ERROR] S:\Facultate\Anul 2\Sem1\POO\Etapa1_POO\.\src\PageVisitor\VisitPageDestination.java:46:9: 'if' is not followed by whitespace. [WhitespaceAfter]
[ERROR] S:\Facultate\Anul 2\Sem1\POO\Etapa1_POO\.\src\PageVisitor\VisitPageDestination.java:56:5: Class 'VisitPageDestination' looks like designed for extension (can be subclassed), but the method 'visit' does not have javadoc that explains how to do that safely. If class is not designed for extension consider making the class 'VisitPageDestination' final or making the method 'visit' static/final/abstract/empty, or adding allowed annotation for the method. [DesignForExtension]
[ERROR] S:\Facultate\Anul 2\Sem1\POO\Etapa1_POO\.\src\PageVisitor\VisitPageDestination.java:57: Line is longer than 100 characters (found 117). [LineLength]
[ERROR] S:\Facultate\Anul 2\Sem1\POO\Etapa1_POO\.\src\PageVisitor\VisitPageDestination.java:57:23: Parameter register should be final. [FinalParameters]
[ERROR] S:\Facultate\Anul 2\Sem1\POO\Etapa1_POO\.\src\PageVisitor\VisitPageDestination.java:57:42: Parameter dataBase should be final. [FinalParameters]
[ERROR] S:\Facultate\Anul 2\Sem1\POO\Etapa1_POO\.\src\PageVisitor\VisitPageDestination.java:57:61: Parameter currentPage should be final. [FinalParameters]
[ERROR] S:\Facultate\Anul 2\Sem1\POO\Etapa1_POO\.\src\PageVisitor\VisitPageDestination.java:57:79: Parameter Destination should be final. [FinalParameters]
[ERROR] S:\Facultate\Anul 2\Sem1\POO\Etapa1_POO\.\src\PageVisitor\VisitPageDestination.java:57:86: Name 'Destination' must match pattern '^[a-z][a-zA-Z0-9]*$'. [ParameterName]
[ERROR] S:\Facultate\Anul 2\Sem1\POO\Etapa1_POO\.\src\PageVisitor\VisitPageDestination.java:57:99: Parameter output should be final. [FinalParameters]
[ERROR] S:\Facultate\Anul 2\Sem1\POO\Etapa1_POO\.\src\PageVisitor\VisitPageDestination.java:58:9: 'if' is not followed by whitespace. [WhitespaceAfter]
[ERROR] S:\Facultate\Anul 2\Sem1\POO\Etapa1_POO\.\src\PageVisitor\VisitPagesAction.java:1:9: Name 'PageVisitor' must match pattern '^[a-z]+(\.[a-zA-Z_][a-zA-Z0-9_]*)*$'. [PackageName]
[ERROR] S:\Facultate\Anul 2\Sem1\POO\Etapa1_POO\.\src\PageVisitor\VisitPagesAction.java:8:13: Using the '.*' form of import should be avoided - Pages.*. [AvoidStarImport]
[ERROR] S:\Facultate\Anul 2\Sem1\POO\Etapa1_POO\.\src\PageVisitor\VisitPagesAction.java:14: Line is longer than 100 characters (found 104). [LineLength]
[ERROR] S:\Facultate\Anul 2\Sem1\POO\Etapa1_POO\.\src\PageVisitor\VisitPagesAction.java:14:23: Parameter page should be final. [FinalParameters]
[ERROR] S:\Facultate\Anul 2\Sem1\POO\Etapa1_POO\.\src\PageVisitor\VisitPagesAction.java:14:34: Parameter dataBase should be final. [FinalParameters]
[ERROR] S:\Facultate\Anul 2\Sem1\POO\Etapa1_POO\.\src\PageVisitor\VisitPagesAction.java:14:53: Parameter currentPage should be final. [FinalParameters]
[ERROR] S:\Facultate\Anul 2\Sem1\POO\Etapa1_POO\.\src\PageVisitor\VisitPagesAction.java:14:71: Parameter action should be final. [FinalParameters]
[ERROR] S:\Facultate\Anul 2\Sem1\POO\Etapa1_POO\.\src\PageVisitor\VisitPagesAction.java:14:86: Parameter output should be final. [FinalParameters]
[ERROR] S:\Facultate\Anul 2\Sem1\POO\Etapa1_POO\.\src\PageVisitor\VisitPagesAction.java:19: Line is longer than 100 characters (found 106). [LineLength]
[ERROR] S:\Facultate\Anul 2\Sem1\POO\Etapa1_POO\.\src\PageVisitor\VisitPagesAction.java:19:23: Parameter start should be final. [FinalParameters]
[ERROR] S:\Facultate\Anul 2\Sem1\POO\Etapa1_POO\.\src\PageVisitor\VisitPagesAction.java:19:36: Parameter dataBase should be final. [FinalParameters]
[ERROR] S:\Facultate\Anul 2\Sem1\POO\Etapa1_POO\.\src\PageVisitor\VisitPagesAction.java:19:55: Parameter currentPage should be final. [FinalParameters]
[ERROR] S:\Facultate\Anul 2\Sem1\POO\Etapa1_POO\.\src\PageVisitor\VisitPagesAction.java:19:73: Parameter action should be final. [FinalParameters]
[ERROR] S:\Facultate\Anul 2\Sem1\POO\Etapa1_POO\.\src\PageVisitor\VisitPagesAction.java:19:88: Parameter output should be final. [FinalParameters]
[ERROR] S:\Facultate\Anul 2\Sem1\POO\Etapa1_POO\.\src\PageVisitor\VisitPagesAction.java:23:5: Class 'VisitPagesAction' looks like designed for extension (can be subclassed), but the method 'visit' does not have javadoc that explains how to do that safely. If class is not designed for extension consider making the class 'VisitPagesAction' final or making the method 'visit' static/final/abstract/empty, or adding allowed annotation for the method. [DesignForExtension]
[ERROR] S:\Facultate\Anul 2\Sem1\POO\Etapa1_POO\.\src\PageVisitor\VisitPagesAction.java:24: Line is longer than 100 characters (found 106). [LineLength]
[ERROR] S:\Facultate\Anul 2\Sem1\POO\Etapa1_POO\.\src\PageVisitor\VisitPagesAction.java:24:23: Parameter login should be final. [FinalParameters]
[ERROR] S:\Facultate\Anul 2\Sem1\POO\Etapa1_POO\.\src\PageVisitor\VisitPagesAction.java:24:36: Parameter dataBase should be final. [FinalParameters]
[ERROR] S:\Facultate\Anul 2\Sem1\POO\Etapa1_POO\.\src\PageVisitor\VisitPagesAction.java:24:55: Parameter currentPage should be final. [FinalParameters]
[ERROR] S:\Facultate\Anul 2\Sem1\POO\Etapa1_POO\.\src\PageVisitor\VisitPagesAction.java:24:73: Parameter action should be final. [FinalParameters]
[ERROR] S:\Facultate\Anul 2\Sem1\POO\Etapa1_POO\.\src\PageVisitor\VisitPagesAction.java:24:88: Parameter output should be final. [FinalParameters]
[ERROR] S:\Facultate\Anul 2\Sem1\POO\Etapa1_POO\.\src\PageVisitor\VisitPagesAction.java:40:5: Class 'VisitPagesAction' looks like designed for extension (can be subclassed), but the method 'visit' does not have javadoc that explains how to do that safely. If class is not designed for extension consider making the class 'VisitPagesAction' final or making the method 'visit' static/final/abstract/empty, or adding allowed annotation for the method. [DesignForExtension]
[ERROR] S:\Facultate\Anul 2\Sem1\POO\Etapa1_POO\.\src\PageVisitor\VisitPagesAction.java:41: Line is longer than 100 characters (found 112). [LineLength]
[ERROR] S:\Facultate\Anul 2\Sem1\POO\Etapa1_POO\.\src\PageVisitor\VisitPagesAction.java:41:23: Parameter register should be final. [FinalParameters]
[ERROR] S:\Facultate\Anul 2\Sem1\POO\Etapa1_POO\.\src\PageVisitor\VisitPagesAction.java:41:42: Parameter dataBase should be final. [FinalParameters]
[ERROR] S:\Facultate\Anul 2\Sem1\POO\Etapa1_POO\.\src\PageVisitor\VisitPagesAction.java:41:61: Parameter currentPage should be final. [FinalParameters]
[ERROR] S:\Facultate\Anul 2\Sem1\POO\Etapa1_POO\.\src\PageVisitor\VisitPagesAction.java:41:79: Parameter action should be final. [FinalParameters]
[ERROR] S:\Facultate\Anul 2\Sem1\POO\Etapa1_POO\.\src\PageVisitor\VisitPagesAction.java:41:94: Parameter output should be final. [FinalParameters]
[ERROR] S:\Facultate\Anul 2\Sem1\POO\Etapa1_POO\.\src\PageVisitor\VisitPagesAction.java:58:5: Class 'VisitPagesAction' looks like designed for extension (can be subclassed), but the method 'visit' does not have javadoc that explains how to do that safely. If class is not designed for extension consider making the class 'VisitPagesAction' final or making the method 'visit' static/final/abstract/empty, or adding allowed annotation for the method. [DesignForExtension]
[ERROR] S:\Facultate\Anul 2\Sem1\POO\Etapa1_POO\.\src\PageVisitor\VisitPagesAction.java:59: Line is longer than 100 characters (found 108). [LineLength]
[ERROR] S:\Facultate\Anul 2\Sem1\POO\Etapa1_POO\.\src\PageVisitor\VisitPagesAction.java:59:23: Parameter logout should be final. [FinalParameters]
[ERROR] S:\Facultate\Anul 2\Sem1\POO\Etapa1_POO\.\src\PageVisitor\VisitPagesAction.java:59:38: Parameter dataBase should be final. [FinalParameters]
[ERROR] S:\Facultate\Anul 2\Sem1\POO\Etapa1_POO\.\src\PageVisitor\VisitPagesAction.java:59:57: Parameter currentPage should be final. [FinalParameters]
[ERROR] S:\Facultate\Anul 2\Sem1\POO\Etapa1_POO\.\src\PageVisitor\VisitPagesAction.java:59:75: Parameter action should be final. [FinalParameters]
[ERROR] S:\Facultate\Anul 2\Sem1\POO\Etapa1_POO\.\src\PageVisitor\VisitPagesAction.java:59:90: Parameter output should be final. [FinalParameters]
[ERROR] S:\Facultate\Anul 2\Sem1\POO\Etapa1_POO\.\src\Test.java:1: File does not end with a newline. [NewlineAtEndOfFile]
[ERROR] S:\Facultate\Anul 2\Sem1\POO\Etapa1_POO\.\src\Test.java:9:28: Using the '.*' form of import should be avoided - java.util.concurrent.*. [AvoidStarImport]
[ERROR] S:\Facultate\Anul 2\Sem1\POO\Etapa1_POO\.\src\Visitor\acceptVisitor.java:12: Line is longer than 100 characters (found 105). [LineLength]
[ERROR] S:\Facultate\Anul 2\Sem1\POO\Etapa1_POO\.\src\Visitor\visitor.java:1:9: Name 'Visitor' must match pattern '^[a-z]+(\.[a-zA-Z_][a-zA-Z0-9_]*)*$'. [PackageName]
[ERROR] S:\Facultate\Anul 2\Sem1\POO\Etapa1_POO\.\src\Visitor\visitor.java:8:18: Name 'visitor' must match pattern '^[A-Z][a-zA-Z0-9]*$'. [TypeName]
[ERROR] S:\Facultate\Anul 2\Sem1\POO\Etapa1_POO\.\src\Visitor\visitor.java:9:5: Missing a Javadoc comment. [MissingJavadocMethod]
[ERROR] S:\Facultate\Anul 2\Sem1\POO\Etapa1_POO\.\src\Visitor\visitorLogged.java:1:9: Name 'Visitor' must match pattern '^[a-z]+(\.[a-zA-Z_][a-zA-Z0-9_]*)*$'. [PackageName]
[ERROR] S:\Facultate\Anul 2\Sem1\POO\Etapa1_POO\.\src\Visitor\visitorLogged.java:8:14: Name 'visitorLogged' must match pattern '^[A-Z][a-zA-Z0-9]*$'. [TypeName]
[ERROR] S:\Facultate\Anul 2\Sem1\POO\Etapa1_POO\.\src\Visitor\visitorLogged.java:8:46: '{' is not preceded with whitespace. [WhitespaceAround]
[ERROR] S:\Facultate\Anul 2\Sem1\POO\Etapa1_POO\.\src\Visitor\visitorLogged.java:10:5: Class 'visitorLogged' looks like designed for extension (can be subclassed), but the method 'visit' does not have javadoc that explains how to do that safely. If class is not designed for extension consider making the class 'visitorLogged' final or making the method 'visit' static/final/abstract/empty, or adding allowed annotation for the method. [DesignForExtension]
[ERROR] S:\Facultate\Anul 2\Sem1\POO\Etapa1_POO\.\src\Visitor\visitorLogged.java:11:23: Parameter dataBase should be final. [FinalParameters]
[ERROR] S:\Facultate\Anul 2\Sem1\POO\Etapa1_POO\.\src\Visitor\visitorLogged.java:11:42: Parameter currentPage should be final. [FinalParameters]
[ERROR] S:\Facultate\Anul 2\Sem1\POO\Etapa1_POO\.\src\Visitor\visitorLogged.java:11:60: Parameter action should be final. [FinalParameters]
[ERROR] S:\Facultate\Anul 2\Sem1\POO\Etapa1_POO\.\src\Visitor\visitorLogged.java:11:75: Parameter output should be final. [FinalParameters]
[ERROR] S:\Facultate\Anul 2\Sem1\POO\Etapa1_POO\.\src\Visitor\visitorLogged.java:12:9: switch without "default" clause. [MissingSwitchDefault]
[ERROR] S:\Facultate\Anul 2\Sem1\POO\Etapa1_POO\.\src\Visitor\visitorUnlogged.java:22: Line is longer than 100 characters (found 108). [LineLength]
[ERROR] S:\Facultate\Anul 2\Sem1\POO\Etapa1_POO\.\src\Visitor\visitorUnlogged.java:33: Line is longer than 100 characters (found 105). [LineLength]
[ERROR] S:\Facultate\Anul 2\Sem1\POO\Etapa1_POO\.\src\Visitor\visitorUnlogged.java:40: Line is longer than 100 characters (found 124). [LineLength]
[ERROR] S:\Facultate\Anul 2\Sem1\POO\Etapa1_POO\.\src\Visitor\visitorUnlogged.java:54: Line is longer than 100 characters (found 108). [LineLength]
[ERROR] S:\Facultate\Anul 2\Sem1\POO\Etapa1_POO\.\src\Visitor\visitorUnlogged.java:61: Line is longer than 100 characters (found 110). [LineLength]
Audit done.
Checkstyle ends with 534 errors.
